2020-04-23 15:32:46 com.qingxiao.utils.ExcelHandler [ main:0 ] - [ INFO ]  test01
2020-04-23 15:32:46 com.qingxiao.utils.ExcelHandler [ main:30 ] - [ INFO ]  test02
2020-04-23 15:33:16 com.qingxiao.utils.ExcelHandler [ main:0 ] - [ INFO ]  test01
2020-04-23 15:33:16 com.qingxiao.utils.ExcelHandler [ main:15 ] - [ INFO ]  test02
2020-04-23 15:33:16 com.qingxiao.utils.ExcelHandler [ main:16 ] - [ INFO ]  test03
2020-04-23 15:34:11 com.qingxiao.utils.ExcelHandler [ main:0 ] - [ INFO ]  test01
2020-04-23 15:34:11 com.qingxiao.utils.ExcelHandler [ main:13 ] - [ INFO ]  test02
2020-04-23 15:34:11 com.qingxiao.utils.ExcelHandler [ main:13 ] - [ INFO ]  test03
2020-04-23 15:58:52 com.qingxiao.utils.ExcelHandler [ main:0 ] - [ INFO ]  改变了相应的cell内容：00
2020-04-23 15:58:52 com.qingxiao.utils.ExcelHandler [ main:7 ] - [ INFO ]  改变了相应的cell内容：01
2020-04-23 15:58:52 com.qingxiao.utils.ExcelHandler [ main:8 ] - [ INFO ]  改变了相应的cell内容：02
2020-04-23 15:58:52 com.qingxiao.utils.ExcelHandler [ main:9 ] - [ INFO ]  改变了相应的cell内容：03
2020-04-23 15:58:52 com.qingxiao.utils.ExcelHandler [ main:10 ] - [ INFO ]  改变了相应的cell内容：04
2020-04-23 15:58:52 com.qingxiao.utils.ExcelHandler [ main:11 ] - [ INFO ]  改变了相应的cell内容：05
2020-04-23 15:58:52 com.qingxiao.utils.ExcelHandler [ main:12 ] - [ INFO ]  改变了相应的cell内容：06
2020-04-23 15:58:52 com.qingxiao.utils.ExcelHandler [ main:14 ] - [ INFO ]  改变了相应的cell内容：07
2020-04-23 15:58:52 com.qingxiao.utils.ExcelHandler [ main:15 ] - [ INFO ]  改变了相应的cell内容：08
2020-04-23 15:58:52 com.qingxiao.utils.ExcelHandler [ main:15 ] - [ INFO ]  改变了相应的cell内容：10
2020-04-23 15:58:52 com.qingxiao.utils.ExcelHandler [ main:16 ] - [ INFO ]  改变了相应的cell内容：11
2020-04-23 15:58:52 com.qingxiao.utils.ExcelHandler [ main:17 ] - [ INFO ]  改变了相应的cell内容：12
2020-04-23 15:58:52 com.qingxiao.utils.ExcelHandler [ main:18 ] - [ INFO ]  改变了相应的cell内容：13
2020-04-23 15:58:52 com.qingxiao.utils.ExcelHandler [ main:19 ] - [ INFO ]  改变了相应的cell内容：14
2020-04-23 15:58:52 com.qingxiao.utils.ExcelHandler [ main:20 ] - [ INFO ]  改变了相应的cell内容：15
2020-04-23 15:58:52 com.qingxiao.utils.ExcelHandler [ main:22 ] - [ INFO ]  改变了相应的cell内容：16
2020-04-23 15:58:52 com.qingxiao.utils.ExcelHandler [ main:27 ] - [ INFO ]  改变了相应的cell内容：17
2020-04-23 15:58:52 com.qingxiao.utils.ExcelHandler [ main:28 ] - [ INFO ]  改变了相应的cell内容：18
2020-04-23 15:58:52 com.qingxiao.utils.ExcelHandler [ main:29 ] - [ INFO ]  改变了相应的cell内容：20
2020-04-23 15:58:52 com.qingxiao.utils.ExcelHandler [ main:30 ] - [ INFO ]  改变了相应的cell内容：21
2020-04-23 15:58:52 com.qingxiao.utils.ExcelHandler [ main:32 ] - [ INFO ]  改变了相应的cell内容：22
2020-04-23 15:58:52 com.qingxiao.utils.ExcelHandler [ main:33 ] - [ INFO ]  改变了相应的cell内容：23
2020-04-23 15:58:52 com.qingxiao.utils.ExcelHandler [ main:34 ] - [ INFO ]  改变了相应的cell内容：24
2020-04-23 15:58:52 com.qingxiao.utils.ExcelHandler [ main:35 ] - [ INFO ]  改变了相应的cell内容：25
2020-04-23 15:58:52 com.qingxiao.utils.ExcelHandler [ main:36 ] - [ INFO ]  改变了相应的cell内容：26
2020-04-23 15:58:52 com.qingxiao.utils.ExcelHandler [ main:36 ] - [ INFO ]  改变了相应的cell内容：27
2020-04-23 15:58:52 com.qingxiao.utils.ExcelHandler [ main:37 ] - [ INFO ]  改变了相应的cell内容：28
2020-04-23 15:58:52 com.qingxiao.utils.ExcelHandler [ main:38 ] - [ INFO ]  改变了相应的cell内容：30
2020-04-23 15:58:52 com.qingxiao.utils.ExcelHandler [ main:39 ] - [ INFO ]  改变了相应的cell内容：31
2020-04-23 15:58:52 com.qingxiao.utils.ExcelHandler [ main:39 ] - [ INFO ]  改变了相应的cell内容：32
2020-04-23 15:58:52 com.qingxiao.utils.ExcelHandler [ main:40 ] - [ INFO ]  改变了相应的cell内容：33
2020-04-23 15:58:52 com.qingxiao.utils.ExcelHandler [ main:41 ] - [ INFO ]  改变了相应的cell内容：34
2020-04-23 15:58:52 com.qingxiao.utils.ExcelHandler [ main:42 ] - [ INFO ]  改变了相应的cell内容：35
2020-04-23 15:58:52 com.qingxiao.utils.ExcelHandler [ main:43 ] - [ INFO ]  改变了相应的cell内容：36
2020-04-23 15:58:52 com.qingxiao.utils.ExcelHandler [ main:43 ] - [ INFO ]  改变了相应的cell内容：37
2020-04-23 15:58:52 com.qingxiao.utils.ExcelHandler [ main:44 ] - [ INFO ]  改变了相应的cell内容：38
2020-04-23 15:58:52 com.qingxiao.utils.ExcelHandler [ main:44 ] - [ INFO ]  改变了相应的cell内容：40
2020-04-23 15:58:52 com.qingxiao.utils.ExcelHandler [ main:45 ] - [ INFO ]  改变了相应的cell内容：41
2020-04-23 15:58:52 com.qingxiao.utils.ExcelHandler [ main:46 ] - [ INFO ]  改变了相应的cell内容：42
2020-04-23 15:58:52 com.qingxiao.utils.ExcelHandler [ main:46 ] - [ INFO ]  改变了相应的cell内容：43
2020-04-23 15:58:52 com.qingxiao.utils.ExcelHandler [ main:47 ] - [ INFO ]  改变了相应的cell内容：44
2020-04-23 15:58:52 com.qingxiao.utils.ExcelHandler [ main:48 ] - [ INFO ]  改变了相应的cell内容：45
2020-04-23 15:58:52 com.qingxiao.utils.ExcelHandler [ main:48 ] - [ INFO ]  改变了相应的cell内容：46
2020-04-23 15:58:52 com.qingxiao.utils.ExcelHandler [ main:49 ] - [ INFO ]  改变了相应的cell内容：47
2020-04-23 15:58:52 com.qingxiao.utils.ExcelHandler [ main:50 ] - [ INFO ]  改变了相应的cell内容：48
2020-04-23 15:58:52 com.qingxiao.utils.ExcelHandler [ main:50 ] - [ INFO ]  改变了相应的cell内容：50
2020-04-23 15:58:52 com.qingxiao.utils.ExcelHandler [ main:51 ] - [ INFO ]  改变了相应的cell内容：51
2020-04-23 15:58:52 com.qingxiao.utils.ExcelHandler [ main:52 ] - [ INFO ]  改变了相应的cell内容：52
2020-04-23 15:58:52 com.qingxiao.utils.ExcelHandler [ main:53 ] - [ INFO ]  改变了相应的cell内容：53
2020-04-23 15:58:52 com.qingxiao.utils.ExcelHandler [ main:53 ] - [ INFO ]  改变了相应的cell内容：54
2020-04-23 15:58:52 com.qingxiao.utils.ExcelHandler [ main:54 ] - [ INFO ]  改变了相应的cell内容：55
2020-04-23 15:58:52 com.qingxiao.utils.ExcelHandler [ main:55 ] - [ INFO ]  改变了相应的cell内容：56
2020-04-23 15:58:52 com.qingxiao.utils.ExcelHandler [ main:56 ] - [ INFO ]  改变了相应的cell内容：57
2020-04-23 15:58:52 com.qingxiao.utils.ExcelHandler [ main:56 ] - [ INFO ]  改变了相应的cell内容：58
2020-04-23 15:58:52 com.qingxiao.utils.ExcelHandler [ main:57 ] - [ INFO ]  改变了相应的cell内容：60
2020-04-23 15:58:52 com.qingxiao.utils.ExcelHandler [ main:58 ] - [ INFO ]  改变了相应的cell内容：61
2020-04-23 15:58:52 com.qingxiao.utils.ExcelHandler [ main:58 ] - [ INFO ]  改变了相应的cell内容：62
2020-04-23 15:58:52 com.qingxiao.utils.ExcelHandler [ main:59 ] - [ INFO ]  改变了相应的cell内容：63
2020-04-23 15:58:52 com.qingxiao.utils.ExcelHandler [ main:59 ] - [ INFO ]  改变了相应的cell内容：64
2020-04-23 15:58:52 com.qingxiao.utils.ExcelHandler [ main:60 ] - [ INFO ]  改变了相应的cell内容：65
2020-04-23 15:58:52 com.qingxiao.utils.ExcelHandler [ main:61 ] - [ INFO ]  改变了相应的cell内容：66
2020-04-23 15:58:52 com.qingxiao.utils.ExcelHandler [ main:62 ] - [ INFO ]  改变了相应的cell内容：67
2020-04-23 15:58:52 com.qingxiao.utils.ExcelHandler [ main:62 ] - [ INFO ]  改变了相应的cell内容：68
2020-04-23 15:58:52 com.qingxiao.utils.ExcelHandler [ main:69 ] - [ INFO ]  改变了相应的cell内容：70
2020-04-23 15:58:52 com.qingxiao.utils.ExcelHandler [ main:72 ] - [ INFO ]  改变了相应的cell内容：71
2020-04-23 15:58:52 com.qingxiao.utils.ExcelHandler [ main:73 ] - [ INFO ]  改变了相应的cell内容：72
2020-04-23 15:58:52 com.qingxiao.utils.ExcelHandler [ main:74 ] - [ INFO ]  改变了相应的cell内容：73
2020-04-23 15:58:52 com.qingxiao.utils.ExcelHandler [ main:74 ] - [ INFO ]  改变了相应的cell内容：74
2020-04-23 15:58:52 com.qingxiao.utils.ExcelHandler [ main:75 ] - [ INFO ]  改变了相应的cell内容：75
2020-04-23 15:58:52 com.qingxiao.utils.ExcelHandler [ main:76 ] - [ INFO ]  改变了相应的cell内容：76
2020-04-23 15:58:52 com.qingxiao.utils.ExcelHandler [ main:76 ] - [ INFO ]  改变了相应的cell内容：77
2020-04-23 15:58:52 com.qingxiao.utils.ExcelHandler [ main:80 ] - [ INFO ]  改变了相应的cell内容：78
2020-04-23 16:06:13 com.qingxiao.utils.ExcelHandler [ main:0 ] - [ INFO ]  改变了相应的cell内容：00
2020-04-23 16:06:13 com.qingxiao.utils.ExcelHandler [ main:2 ] - [ INFO ]  改变了相应的cell内容：01
2020-04-23 16:06:13 com.qingxiao.utils.ExcelHandler [ main:3 ] - [ INFO ]  改变了相应的cell内容：02
2020-04-23 16:06:13 com.qingxiao.utils.ExcelHandler [ main:4 ] - [ INFO ]  改变了相应的cell内容：03
2020-04-23 16:06:13 com.qingxiao.utils.ExcelHandler [ main:4 ] - [ INFO ]  改变了相应的cell内容：04
2020-04-23 16:06:13 com.qingxiao.utils.ExcelHandler [ main:5 ] - [ INFO ]  改变了相应的cell内容：05
2020-04-23 16:06:13 com.qingxiao.utils.ExcelHandler [ main:7 ] - [ INFO ]  改变了相应的cell内容：06
2020-04-23 16:06:13 com.qingxiao.utils.ExcelHandler [ main:8 ] - [ INFO ]  改变了相应的cell内容：07
2020-04-23 16:06:13 com.qingxiao.utils.ExcelHandler [ main:8 ] - [ INFO ]  改变了相应的cell内容：08
2020-04-23 16:06:13 com.qingxiao.utils.ExcelHandler [ main:9 ] - [ INFO ]  改变了相应的cell内容：10
2020-04-23 16:06:13 com.qingxiao.utils.ExcelHandler [ main:10 ] - [ INFO ]  改变了相应的cell内容：11
2020-04-23 16:06:13 com.qingxiao.utils.ExcelHandler [ main:10 ] - [ INFO ]  改变了相应的cell内容：12
2020-04-23 16:06:13 com.qingxiao.utils.ExcelHandler [ main:10 ] - [ INFO ]  改变了相应的cell内容：13
2020-04-23 16:06:13 com.qingxiao.utils.ExcelHandler [ main:12 ] - [ INFO ]  改变了相应的cell内容：14
2020-04-23 16:06:13 com.qingxiao.utils.ExcelHandler [ main:12 ] - [ INFO ]  改变了相应的cell内容：15
2020-04-23 16:06:13 com.qingxiao.utils.ExcelHandler [ main:13 ] - [ INFO ]  改变了相应的cell内容：16
2020-04-23 16:06:13 com.qingxiao.utils.ExcelHandler [ main:15 ] - [ INFO ]  改变了相应的cell内容：17
2020-04-23 16:06:13 com.qingxiao.utils.ExcelHandler [ main:15 ] - [ INFO ]  改变了相应的cell内容：18
2020-04-23 16:06:13 com.qingxiao.utils.ExcelHandler [ main:16 ] - [ INFO ]  改变了相应的cell内容：20
2020-04-23 16:06:13 com.qingxiao.utils.ExcelHandler [ main:17 ] - [ INFO ]  改变了相应的cell内容：21
2020-04-23 16:06:13 com.qingxiao.utils.ExcelHandler [ main:17 ] - [ INFO ]  改变了相应的cell内容：22
2020-04-23 16:06:13 com.qingxiao.utils.ExcelHandler [ main:18 ] - [ INFO ]  改变了相应的cell内容：23
2020-04-23 16:06:13 com.qingxiao.utils.ExcelHandler [ main:18 ] - [ INFO ]  改变了相应的cell内容：24
2020-04-23 16:06:13 com.qingxiao.utils.ExcelHandler [ main:19 ] - [ INFO ]  改变了相应的cell内容：25
2020-04-23 16:06:13 com.qingxiao.utils.ExcelHandler [ main:20 ] - [ INFO ]  改变了相应的cell内容：26
2020-04-23 16:06:13 com.qingxiao.utils.ExcelHandler [ main:20 ] - [ INFO ]  改变了相应的cell内容：27
2020-04-23 16:06:13 com.qingxiao.utils.ExcelHandler [ main:21 ] - [ INFO ]  改变了相应的cell内容：28
2020-04-23 16:06:13 com.qingxiao.utils.ExcelHandler [ main:22 ] - [ INFO ]  改变了相应的cell内容：30
2020-04-23 16:06:13 com.qingxiao.utils.ExcelHandler [ main:22 ] - [ INFO ]  改变了相应的cell内容：31
2020-04-23 16:06:13 com.qingxiao.utils.ExcelHandler [ main:23 ] - [ INFO ]  改变了相应的cell内容：32
2020-04-23 16:06:13 com.qingxiao.utils.ExcelHandler [ main:24 ] - [ INFO ]  改变了相应的cell内容：33
2020-04-23 16:06:13 com.qingxiao.utils.ExcelHandler [ main:25 ] - [ INFO ]  改变了相应的cell内容：34
2020-04-23 16:06:13 com.qingxiao.utils.ExcelHandler [ main:25 ] - [ INFO ]  改变了相应的cell内容：35
2020-04-23 16:06:13 com.qingxiao.utils.ExcelHandler [ main:26 ] - [ INFO ]  改变了相应的cell内容：36
2020-04-23 16:06:13 com.qingxiao.utils.ExcelHandler [ main:27 ] - [ INFO ]  改变了相应的cell内容：37
2020-04-23 16:06:13 com.qingxiao.utils.ExcelHandler [ main:27 ] - [ INFO ]  改变了相应的cell内容：38
2020-04-23 16:06:13 com.qingxiao.utils.ExcelHandler [ main:28 ] - [ INFO ]  改变了相应的cell内容：40
2020-04-23 16:06:13 com.qingxiao.utils.ExcelHandler [ main:29 ] - [ INFO ]  改变了相应的cell内容：41
2020-04-23 16:06:13 com.qingxiao.utils.ExcelHandler [ main:29 ] - [ INFO ]  改变了相应的cell内容：42
2020-04-23 16:06:13 com.qingxiao.utils.ExcelHandler [ main:30 ] - [ INFO ]  改变了相应的cell内容：43
2020-04-23 16:06:13 com.qingxiao.utils.ExcelHandler [ main:30 ] - [ INFO ]  改变了相应的cell内容：44
2020-04-23 16:06:13 com.qingxiao.utils.ExcelHandler [ main:31 ] - [ INFO ]  改变了相应的cell内容：45
2020-04-23 16:06:13 com.qingxiao.utils.ExcelHandler [ main:32 ] - [ INFO ]  改变了相应的cell内容：46
2020-04-23 16:06:13 com.qingxiao.utils.ExcelHandler [ main:33 ] - [ INFO ]  改变了相应的cell内容：47
2020-04-23 16:06:13 com.qingxiao.utils.ExcelHandler [ main:33 ] - [ INFO ]  改变了相应的cell内容：48
2020-04-23 16:06:13 com.qingxiao.utils.ExcelHandler [ main:34 ] - [ INFO ]  改变了相应的cell内容：50
2020-04-23 16:06:13 com.qingxiao.utils.ExcelHandler [ main:35 ] - [ INFO ]  改变了相应的cell内容：51
2020-04-23 16:06:13 com.qingxiao.utils.ExcelHandler [ main:35 ] - [ INFO ]  改变了相应的cell内容：52
2020-04-23 16:06:13 com.qingxiao.utils.ExcelHandler [ main:36 ] - [ INFO ]  改变了相应的cell内容：53
2020-04-23 16:06:13 com.qingxiao.utils.ExcelHandler [ main:36 ] - [ INFO ]  改变了相应的cell内容：54
2020-04-23 16:06:13 com.qingxiao.utils.ExcelHandler [ main:37 ] - [ INFO ]  改变了相应的cell内容：55
2020-04-23 16:06:13 com.qingxiao.utils.ExcelHandler [ main:37 ] - [ INFO ]  改变了相应的cell内容：56
2020-04-23 16:06:13 com.qingxiao.utils.ExcelHandler [ main:37 ] - [ INFO ]  改变了相应的cell内容：57
2020-04-23 16:06:13 com.qingxiao.utils.ExcelHandler [ main:38 ] - [ INFO ]  改变了相应的cell内容：58
2020-04-23 16:06:13 com.qingxiao.utils.ExcelHandler [ main:38 ] - [ INFO ]  改变了相应的cell内容：60
2020-04-23 16:06:13 com.qingxiao.utils.ExcelHandler [ main:39 ] - [ INFO ]  改变了相应的cell内容：61
2020-04-23 16:06:13 com.qingxiao.utils.ExcelHandler [ main:39 ] - [ INFO ]  改变了相应的cell内容：62
2020-04-23 16:06:13 com.qingxiao.utils.ExcelHandler [ main:39 ] - [ INFO ]  改变了相应的cell内容：63
2020-04-23 16:06:13 com.qingxiao.utils.ExcelHandler [ main:40 ] - [ INFO ]  改变了相应的cell内容：64
2020-04-23 16:06:13 com.qingxiao.utils.ExcelHandler [ main:40 ] - [ INFO ]  改变了相应的cell内容：65
2020-04-23 16:06:13 com.qingxiao.utils.ExcelHandler [ main:41 ] - [ INFO ]  改变了相应的cell内容：66
2020-04-23 16:06:13 com.qingxiao.utils.ExcelHandler [ main:41 ] - [ INFO ]  改变了相应的cell内容：67
2020-04-23 16:06:13 com.qingxiao.utils.ExcelHandler [ main:41 ] - [ INFO ]  改变了相应的cell内容：68
2020-04-23 16:06:13 com.qingxiao.utils.ExcelHandler [ main:42 ] - [ INFO ]  改变了相应的cell内容：70
2020-04-23 16:06:13 com.qingxiao.utils.ExcelHandler [ main:42 ] - [ INFO ]  改变了相应的cell内容：71
2020-04-23 16:06:13 com.qingxiao.utils.ExcelHandler [ main:42 ] - [ INFO ]  改变了相应的cell内容：72
2020-04-23 16:06:13 com.qingxiao.utils.ExcelHandler [ main:43 ] - [ INFO ]  改变了相应的cell内容：73
2020-04-23 16:06:13 com.qingxiao.utils.ExcelHandler [ main:43 ] - [ INFO ]  改变了相应的cell内容：74
2020-04-23 16:06:13 com.qingxiao.utils.ExcelHandler [ main:44 ] - [ INFO ]  改变了相应的cell内容：75
2020-04-23 16:06:13 com.qingxiao.utils.ExcelHandler [ main:44 ] - [ INFO ]  改变了相应的cell内容：76
2020-04-23 16:06:13 com.qingxiao.utils.ExcelHandler [ main:45 ] - [ INFO ]  改变了相应的cell内容：77
2020-04-23 16:06:13 com.qingxiao.utils.ExcelHandler [ main:46 ] - [ INFO ]  改变了相应的cell内容：78
2020-04-23 16:16:06 com.qingxiao.utils.ExcelHandler [ main:0 ] - [ INFO ]  改变了相应的cell内容：00
2020-04-23 16:16:06 com.qingxiao.utils.ExcelHandler [ main:3 ] - [ INFO ]  改变了相应的cell内容：01
2020-04-23 16:16:06 com.qingxiao.utils.ExcelHandler [ main:4 ] - [ INFO ]  改变了相应的cell内容：02
2020-04-23 16:16:06 com.qingxiao.utils.ExcelHandler [ main:5 ] - [ INFO ]  改变了相应的cell内容：03
2020-04-23 16:16:06 com.qingxiao.utils.ExcelHandler [ main:6 ] - [ INFO ]  改变了相应的cell内容：04
2020-04-23 16:16:06 com.qingxiao.utils.ExcelHandler [ main:6 ] - [ INFO ]  改变了相应的cell内容：05
2020-04-23 16:16:06 com.qingxiao.utils.ExcelHandler [ main:8 ] - [ INFO ]  改变了相应的cell内容：06
2020-04-23 16:16:06 com.qingxiao.utils.ExcelHandler [ main:9 ] - [ INFO ]  改变了相应的cell内容：07
2020-04-23 16:16:06 com.qingxiao.utils.ExcelHandler [ main:9 ] - [ INFO ]  改变了相应的cell内容：08
2020-04-23 16:17:05 com.qingxiao.utils.ExcelHandler [ main:0 ] - [ INFO ]  改变了相应的cell内容：00
2020-04-23 16:17:05 com.qingxiao.utils.ExcelHandler [ main:3 ] - [ INFO ]  改变了相应的cell内容：01
2020-04-23 16:17:05 com.qingxiao.utils.ExcelHandler [ main:3 ] - [ INFO ]  改变了相应的cell内容：02
2020-04-23 16:17:05 com.qingxiao.utils.ExcelHandler [ main:4 ] - [ INFO ]  改变了相应的cell内容：03
2020-04-23 16:17:05 com.qingxiao.utils.ExcelHandler [ main:5 ] - [ INFO ]  改变了相应的cell内容：04
2020-04-23 16:17:05 com.qingxiao.utils.ExcelHandler [ main:6 ] - [ INFO ]  改变了相应的cell内容：05
2020-04-23 16:17:05 com.qingxiao.utils.ExcelHandler [ main:7 ] - [ INFO ]  改变了相应的cell内容：06
2020-04-23 16:17:05 com.qingxiao.utils.ExcelHandler [ main:9 ] - [ INFO ]  改变了相应的cell内容：07
2020-04-23 16:17:05 com.qingxiao.utils.ExcelHandler [ main:9 ] - [ INFO ]  改变了相应的cell内容：08
2020-04-23 16:17:05 com.qingxiao.utils.ExcelHandler [ main:10 ] - [ INFO ]  改变了相应的cell内容：10
2020-04-23 16:17:05 com.qingxiao.utils.ExcelHandler [ main:11 ] - [ INFO ]  改变了相应的cell内容：11
2020-04-23 16:17:05 com.qingxiao.utils.ExcelHandler [ main:12 ] - [ INFO ]  改变了相应的cell内容：12
2020-04-23 16:17:05 com.qingxiao.utils.ExcelHandler [ main:15 ] - [ INFO ]  改变了相应的cell内容：13
2020-04-23 16:17:05 com.qingxiao.utils.ExcelHandler [ main:16 ] - [ INFO ]  改变了相应的cell内容：14
2020-04-23 16:17:05 com.qingxiao.utils.ExcelHandler [ main:16 ] - [ INFO ]  改变了相应的cell内容：15
2020-04-23 16:17:05 com.qingxiao.utils.ExcelHandler [ main:17 ] - [ INFO ]  改变了相应的cell内容：16
2020-04-23 16:17:05 com.qingxiao.utils.ExcelHandler [ main:19 ] - [ INFO ]  改变了相应的cell内容：17
2020-04-23 16:17:05 com.qingxiao.utils.ExcelHandler [ main:20 ] - [ INFO ]  改变了相应的cell内容：18
2020-04-23 16:17:05 com.qingxiao.utils.ExcelHandler [ main:21 ] - [ INFO ]  改变了相应的cell内容：20
2020-04-23 16:17:05 com.qingxiao.utils.ExcelHandler [ main:21 ] - [ INFO ]  改变了相应的cell内容：21
2020-04-23 16:17:05 com.qingxiao.utils.ExcelHandler [ main:22 ] - [ INFO ]  改变了相应的cell内容：22
2020-04-23 16:17:05 com.qingxiao.utils.ExcelHandler [ main:23 ] - [ INFO ]  改变了相应的cell内容：23
2020-04-23 16:17:05 com.qingxiao.utils.ExcelHandler [ main:24 ] - [ INFO ]  改变了相应的cell内容：24
2020-04-23 16:17:05 com.qingxiao.utils.ExcelHandler [ main:24 ] - [ INFO ]  改变了相应的cell内容：25
2020-04-23 16:17:05 com.qingxiao.utils.ExcelHandler [ main:25 ] - [ INFO ]  改变了相应的cell内容：26
2020-04-23 16:17:05 com.qingxiao.utils.ExcelHandler [ main:28 ] - [ INFO ]  改变了相应的cell内容：27
2020-04-23 16:17:05 com.qingxiao.utils.ExcelHandler [ main:30 ] - [ INFO ]  改变了相应的cell内容：28
2020-04-23 16:17:05 com.qingxiao.utils.ExcelHandler [ main:31 ] - [ INFO ]  改变了相应的cell内容：30
2020-04-23 16:17:05 com.qingxiao.utils.ExcelHandler [ main:32 ] - [ INFO ]  改变了相应的cell内容：31
2020-04-23 16:17:05 com.qingxiao.utils.ExcelHandler [ main:33 ] - [ INFO ]  改变了相应的cell内容：32
2020-04-23 16:17:05 com.qingxiao.utils.ExcelHandler [ main:33 ] - [ INFO ]  改变了相应的cell内容：33
2020-04-23 16:17:05 com.qingxiao.utils.ExcelHandler [ main:34 ] - [ INFO ]  改变了相应的cell内容：34
2020-04-23 16:17:05 com.qingxiao.utils.ExcelHandler [ main:35 ] - [ INFO ]  改变了相应的cell内容：35
2020-04-23 16:17:05 com.qingxiao.utils.ExcelHandler [ main:35 ] - [ INFO ]  改变了相应的cell内容：36
2020-04-23 16:17:05 com.qingxiao.utils.ExcelHandler [ main:36 ] - [ INFO ]  改变了相应的cell内容：37
2020-04-23 16:17:05 com.qingxiao.utils.ExcelHandler [ main:37 ] - [ INFO ]  改变了相应的cell内容：38
2020-04-23 16:17:05 com.qingxiao.utils.ExcelHandler [ main:38 ] - [ INFO ]  改变了相应的cell内容：40
2020-04-23 16:17:05 com.qingxiao.utils.ExcelHandler [ main:39 ] - [ INFO ]  改变了相应的cell内容：41
2020-04-23 16:17:05 com.qingxiao.utils.ExcelHandler [ main:40 ] - [ INFO ]  改变了相应的cell内容：42
2020-04-23 16:17:05 com.qingxiao.utils.ExcelHandler [ main:40 ] - [ INFO ]  改变了相应的cell内容：43
2020-04-23 16:17:05 com.qingxiao.utils.ExcelHandler [ main:41 ] - [ INFO ]  改变了相应的cell内容：44
2020-04-23 16:17:05 com.qingxiao.utils.ExcelHandler [ main:42 ] - [ INFO ]  改变了相应的cell内容：45
2020-04-23 16:17:05 com.qingxiao.utils.ExcelHandler [ main:43 ] - [ INFO ]  改变了相应的cell内容：46
2020-04-23 16:17:05 com.qingxiao.utils.ExcelHandler [ main:44 ] - [ INFO ]  改变了相应的cell内容：47
2020-04-23 16:17:05 com.qingxiao.utils.ExcelHandler [ main:44 ] - [ INFO ]  改变了相应的cell内容：48
2020-04-23 16:17:05 com.qingxiao.utils.ExcelHandler [ main:45 ] - [ INFO ]  改变了相应的cell内容：50
2020-04-23 16:17:05 com.qingxiao.utils.ExcelHandler [ main:46 ] - [ INFO ]  改变了相应的cell内容：51
2020-04-23 16:17:05 com.qingxiao.utils.ExcelHandler [ main:46 ] - [ INFO ]  改变了相应的cell内容：52
2020-04-23 16:17:05 com.qingxiao.utils.ExcelHandler [ main:47 ] - [ INFO ]  改变了相应的cell内容：53
2020-04-23 16:17:05 com.qingxiao.utils.ExcelHandler [ main:48 ] - [ INFO ]  改变了相应的cell内容：54
2020-04-23 16:17:05 com.qingxiao.utils.ExcelHandler [ main:49 ] - [ INFO ]  改变了相应的cell内容：55
2020-04-23 16:17:05 com.qingxiao.utils.ExcelHandler [ main:49 ] - [ INFO ]  改变了相应的cell内容：56
2020-04-23 16:17:05 com.qingxiao.utils.ExcelHandler [ main:50 ] - [ INFO ]  改变了相应的cell内容：57
2020-04-23 16:17:05 com.qingxiao.utils.ExcelHandler [ main:51 ] - [ INFO ]  改变了相应的cell内容：58
2020-04-23 16:17:05 com.qingxiao.utils.ExcelHandler [ main:52 ] - [ INFO ]  改变了相应的cell内容：60
2020-04-23 16:17:05 com.qingxiao.utils.ExcelHandler [ main:52 ] - [ INFO ]  改变了相应的cell内容：61
2020-04-23 16:17:05 com.qingxiao.utils.ExcelHandler [ main:53 ] - [ INFO ]  改变了相应的cell内容：62
2020-04-23 16:17:05 com.qingxiao.utils.ExcelHandler [ main:53 ] - [ INFO ]  改变了相应的cell内容：63
2020-04-23 16:17:05 com.qingxiao.utils.ExcelHandler [ main:54 ] - [ INFO ]  改变了相应的cell内容：64
2020-04-23 16:17:05 com.qingxiao.utils.ExcelHandler [ main:55 ] - [ INFO ]  改变了相应的cell内容：65
2020-04-23 16:17:05 com.qingxiao.utils.ExcelHandler [ main:55 ] - [ INFO ]  改变了相应的cell内容：66
2020-04-23 16:17:05 com.qingxiao.utils.ExcelHandler [ main:56 ] - [ INFO ]  改变了相应的cell内容：67
2020-04-23 16:17:05 com.qingxiao.utils.ExcelHandler [ main:57 ] - [ INFO ]  改变了相应的cell内容：68
2020-04-23 16:17:05 com.qingxiao.utils.ExcelHandler [ main:57 ] - [ INFO ]  改变了相应的cell内容：70
2020-04-23 16:17:05 com.qingxiao.utils.ExcelHandler [ main:58 ] - [ INFO ]  改变了相应的cell内容：71
2020-04-23 16:17:05 com.qingxiao.utils.ExcelHandler [ main:58 ] - [ INFO ]  改变了相应的cell内容：72
2020-04-23 16:17:05 com.qingxiao.utils.ExcelHandler [ main:59 ] - [ INFO ]  改变了相应的cell内容：73
2020-04-23 16:17:05 com.qingxiao.utils.ExcelHandler [ main:59 ] - [ INFO ]  改变了相应的cell内容：74
2020-04-23 16:17:05 com.qingxiao.utils.ExcelHandler [ main:60 ] - [ INFO ]  改变了相应的cell内容：75
2020-04-23 16:17:05 com.qingxiao.utils.ExcelHandler [ main:60 ] - [ INFO ]  改变了相应的cell内容：76
2020-04-23 16:17:05 com.qingxiao.utils.ExcelHandler [ main:61 ] - [ INFO ]  改变了相应的cell内容：77
2020-04-23 16:17:05 com.qingxiao.utils.ExcelHandler [ main:62 ] - [ INFO ]  改变了相应的cell内容：78
2020-04-23 16:18:46 com.qingxiao.utils.ExcelHandler [ main:0 ] - [ INFO ]  8
2020-04-23 16:18:46 com.qingxiao.utils.ExcelHandler [ main:4 ] - [ INFO ]  9
2020-04-23 16:18:46 com.qingxiao.utils.ExcelHandler [ main:11 ] - [ INFO ]  9
2020-04-23 16:18:46 com.qingxiao.utils.ExcelHandler [ main:12 ] - [ INFO ]  9
2020-04-23 16:18:46 com.qingxiao.utils.ExcelHandler [ main:12 ] - [ INFO ]  9
2020-04-23 16:18:46 com.qingxiao.utils.ExcelHandler [ main:12 ] - [ INFO ]  9
2020-04-23 16:18:46 com.qingxiao.utils.ExcelHandler [ main:13 ] - [ INFO ]  9
2020-04-23 16:18:46 com.qingxiao.utils.ExcelHandler [ main:13 ] - [ INFO ]  9
2020-04-23 16:18:46 com.qingxiao.utils.ExcelHandler [ main:18 ] - [ INFO ]  9
2020-04-23 16:18:46 com.qingxiao.utils.ExcelHandler [ main:19 ] - [ INFO ]  9
2020-04-23 16:18:46 com.qingxiao.utils.ExcelHandler [ main:19 ] - [ INFO ]  8
2020-04-23 16:18:46 com.qingxiao.utils.ExcelHandler [ main:20 ] - [ INFO ]  9
2020-04-23 16:18:46 com.qingxiao.utils.ExcelHandler [ main:20 ] - [ INFO ]  9
2020-04-23 16:18:46 com.qingxiao.utils.ExcelHandler [ main:20 ] - [ INFO ]  9
2020-04-23 16:18:46 com.qingxiao.utils.ExcelHandler [ main:20 ] - [ INFO ]  9
2020-04-23 16:18:46 com.qingxiao.utils.ExcelHandler [ main:21 ] - [ INFO ]  9
2020-04-23 16:18:46 com.qingxiao.utils.ExcelHandler [ main:23 ] - [ INFO ]  9
2020-04-23 16:18:46 com.qingxiao.utils.ExcelHandler [ main:24 ] - [ INFO ]  9
2020-04-23 16:18:46 com.qingxiao.utils.ExcelHandler [ main:24 ] - [ INFO ]  9
2020-04-23 16:18:46 com.qingxiao.utils.ExcelHandler [ main:24 ] - [ INFO ]  9
2020-04-23 16:18:46 com.qingxiao.utils.ExcelHandler [ main:24 ] - [ INFO ]  8
2020-04-23 16:18:46 com.qingxiao.utils.ExcelHandler [ main:25 ] - [ INFO ]  9
2020-04-23 16:18:46 com.qingxiao.utils.ExcelHandler [ main:25 ] - [ INFO ]  9
2020-04-23 16:18:46 com.qingxiao.utils.ExcelHandler [ main:25 ] - [ INFO ]  9
2020-04-23 16:18:46 com.qingxiao.utils.ExcelHandler [ main:25 ] - [ INFO ]  9
2020-04-23 16:18:46 com.qingxiao.utils.ExcelHandler [ main:25 ] - [ INFO ]  9
2020-04-23 16:18:46 com.qingxiao.utils.ExcelHandler [ main:26 ] - [ INFO ]  9
2020-04-23 16:18:46 com.qingxiao.utils.ExcelHandler [ main:26 ] - [ INFO ]  9
2020-04-23 16:18:46 com.qingxiao.utils.ExcelHandler [ main:26 ] - [ INFO ]  9
2020-04-23 16:18:46 com.qingxiao.utils.ExcelHandler [ main:26 ] - [ INFO ]  9
2020-04-23 16:18:46 com.qingxiao.utils.ExcelHandler [ main:27 ] - [ INFO ]  8
2020-04-23 16:18:46 com.qingxiao.utils.ExcelHandler [ main:27 ] - [ INFO ]  9
2020-04-23 16:18:46 com.qingxiao.utils.ExcelHandler [ main:27 ] - [ INFO ]  9
2020-04-23 16:18:46 com.qingxiao.utils.ExcelHandler [ main:28 ] - [ INFO ]  9
2020-04-23 16:18:46 com.qingxiao.utils.ExcelHandler [ main:28 ] - [ INFO ]  9
2020-04-23 16:18:46 com.qingxiao.utils.ExcelHandler [ main:29 ] - [ INFO ]  9
2020-04-23 16:18:46 com.qingxiao.utils.ExcelHandler [ main:29 ] - [ INFO ]  9
2020-04-23 16:18:46 com.qingxiao.utils.ExcelHandler [ main:30 ] - [ INFO ]  9
2020-04-23 16:18:46 com.qingxiao.utils.ExcelHandler [ main:30 ] - [ INFO ]  9
2020-04-23 16:18:46 com.qingxiao.utils.ExcelHandler [ main:31 ] - [ INFO ]  9
2020-04-23 16:18:46 com.qingxiao.utils.ExcelHandler [ main:31 ] - [ INFO ]  8
2020-04-23 16:18:46 com.qingxiao.utils.ExcelHandler [ main:32 ] - [ INFO ]  9
2020-04-23 16:18:46 com.qingxiao.utils.ExcelHandler [ main:32 ] - [ INFO ]  9
2020-04-23 16:18:46 com.qingxiao.utils.ExcelHandler [ main:33 ] - [ INFO ]  9
2020-04-23 16:18:46 com.qingxiao.utils.ExcelHandler [ main:33 ] - [ INFO ]  9
2020-04-23 16:18:46 com.qingxiao.utils.ExcelHandler [ main:33 ] - [ INFO ]  9
2020-04-23 16:18:46 com.qingxiao.utils.ExcelHandler [ main:34 ] - [ INFO ]  9
2020-04-23 16:18:46 com.qingxiao.utils.ExcelHandler [ main:34 ] - [ INFO ]  9
2020-04-23 16:18:46 com.qingxiao.utils.ExcelHandler [ main:34 ] - [ INFO ]  9
2020-04-23 16:18:46 com.qingxiao.utils.ExcelHandler [ main:34 ] - [ INFO ]  9
2020-04-23 16:18:46 com.qingxiao.utils.ExcelHandler [ main:35 ] - [ INFO ]  8
2020-04-23 16:18:46 com.qingxiao.utils.ExcelHandler [ main:35 ] - [ INFO ]  9
2020-04-23 16:18:46 com.qingxiao.utils.ExcelHandler [ main:35 ] - [ INFO ]  9
2020-04-23 16:18:46 com.qingxiao.utils.ExcelHandler [ main:35 ] - [ INFO ]  9
2020-04-23 16:18:46 com.qingxiao.utils.ExcelHandler [ main:36 ] - [ INFO ]  9
2020-04-23 16:18:46 com.qingxiao.utils.ExcelHandler [ main:36 ] - [ INFO ]  9
2020-04-23 16:18:46 com.qingxiao.utils.ExcelHandler [ main:36 ] - [ INFO ]  9
2020-04-23 16:18:46 com.qingxiao.utils.ExcelHandler [ main:36 ] - [ INFO ]  9
2020-04-23 16:18:46 com.qingxiao.utils.ExcelHandler [ main:36 ] - [ INFO ]  9
2020-04-23 16:18:46 com.qingxiao.utils.ExcelHandler [ main:37 ] - [ INFO ]  9
2020-04-23 16:18:46 com.qingxiao.utils.ExcelHandler [ main:37 ] - [ INFO ]  8
2020-04-23 16:18:46 com.qingxiao.utils.ExcelHandler [ main:37 ] - [ INFO ]  9
2020-04-23 16:18:46 com.qingxiao.utils.ExcelHandler [ main:38 ] - [ INFO ]  9
2020-04-23 16:18:46 com.qingxiao.utils.ExcelHandler [ main:38 ] - [ INFO ]  9
2020-04-23 16:18:46 com.qingxiao.utils.ExcelHandler [ main:38 ] - [ INFO ]  9
2020-04-23 16:18:46 com.qingxiao.utils.ExcelHandler [ main:38 ] - [ INFO ]  9
2020-04-23 16:18:46 com.qingxiao.utils.ExcelHandler [ main:39 ] - [ INFO ]  9
2020-04-23 16:18:46 com.qingxiao.utils.ExcelHandler [ main:39 ] - [ INFO ]  9
2020-04-23 16:18:46 com.qingxiao.utils.ExcelHandler [ main:39 ] - [ INFO ]  9
2020-04-23 16:18:46 com.qingxiao.utils.ExcelHandler [ main:40 ] - [ INFO ]  9
2020-04-23 16:18:46 com.qingxiao.utils.ExcelHandler [ main:40 ] - [ INFO ]  8
2020-04-23 16:18:46 com.qingxiao.utils.ExcelHandler [ main:40 ] - [ INFO ]  9
2020-04-23 16:18:46 com.qingxiao.utils.ExcelHandler [ main:40 ] - [ INFO ]  9
2020-04-23 16:18:46 com.qingxiao.utils.ExcelHandler [ main:41 ] - [ INFO ]  9
2020-04-23 16:18:46 com.qingxiao.utils.ExcelHandler [ main:41 ] - [ INFO ]  9
2020-04-23 16:18:46 com.qingxiao.utils.ExcelHandler [ main:41 ] - [ INFO ]  9
2020-04-23 16:18:46 com.qingxiao.utils.ExcelHandler [ main:41 ] - [ INFO ]  9
2020-04-23 16:18:46 com.qingxiao.utils.ExcelHandler [ main:42 ] - [ INFO ]  9
2020-04-23 16:18:46 com.qingxiao.utils.ExcelHandler [ main:42 ] - [ INFO ]  9
2020-04-23 16:18:46 com.qingxiao.utils.ExcelHandler [ main:42 ] - [ INFO ]  9
2020-04-23 16:22:15 com.qingxiao.utils.ExcelHandler [ main:0 ] - [ INFO ]  当前执行循环：i:0 j:0
2020-04-23 16:22:15 com.qingxiao.utils.ExcelHandler [ main:3 ] - [ INFO ]  当前执行循环：i:0 j:1
2020-04-23 16:22:15 com.qingxiao.utils.ExcelHandler [ main:4 ] - [ INFO ]  当前执行循环：i:0 j:2
2020-04-23 16:22:15 com.qingxiao.utils.ExcelHandler [ main:4 ] - [ INFO ]  当前执行循环：i:0 j:3
2020-04-23 16:22:15 com.qingxiao.utils.ExcelHandler [ main:4 ] - [ INFO ]  当前执行循环：i:0 j:4
2020-04-23 16:22:15 com.qingxiao.utils.ExcelHandler [ main:5 ] - [ INFO ]  当前执行循环：i:0 j:5
2020-04-23 16:22:15 com.qingxiao.utils.ExcelHandler [ main:5 ] - [ INFO ]  当前执行循环：i:0 j:6
2020-04-23 16:22:15 com.qingxiao.utils.ExcelHandler [ main:6 ] - [ INFO ]  当前执行循环：i:0 j:7
2020-04-23 16:22:15 com.qingxiao.utils.ExcelHandler [ main:6 ] - [ INFO ]  当前执行循环：i:0 j:8
2020-04-23 16:22:15 com.qingxiao.utils.ExcelHandler [ main:6 ] - [ INFO ]  当前执行循环：i:1 j:0
2020-04-23 16:22:15 com.qingxiao.utils.ExcelHandler [ main:6 ] - [ INFO ]  当前执行循环：i:1 j:1
2020-04-23 16:22:15 com.qingxiao.utils.ExcelHandler [ main:7 ] - [ INFO ]  当前执行循环：i:1 j:2
2020-04-23 16:22:15 com.qingxiao.utils.ExcelHandler [ main:7 ] - [ INFO ]  当前执行循环：i:1 j:3
2020-04-23 16:22:15 com.qingxiao.utils.ExcelHandler [ main:7 ] - [ INFO ]  当前执行循环：i:1 j:4
2020-04-23 16:22:15 com.qingxiao.utils.ExcelHandler [ main:8 ] - [ INFO ]  当前执行循环：i:1 j:5
2020-04-23 16:22:15 com.qingxiao.utils.ExcelHandler [ main:9 ] - [ INFO ]  当前执行循环：i:1 j:6
2020-04-23 16:22:15 com.qingxiao.utils.ExcelHandler [ main:11 ] - [ INFO ]  当前执行循环：i:1 j:7
2020-04-23 16:22:15 com.qingxiao.utils.ExcelHandler [ main:12 ] - [ INFO ]  当前执行循环：i:1 j:8
2020-04-23 16:22:15 com.qingxiao.utils.ExcelHandler [ main:12 ] - [ INFO ]  当前执行循环：i:2 j:0
2020-04-23 16:22:15 com.qingxiao.utils.ExcelHandler [ main:12 ] - [ INFO ]  当前执行循环：i:2 j:1
2020-04-23 16:22:15 com.qingxiao.utils.ExcelHandler [ main:13 ] - [ INFO ]  当前执行循环：i:2 j:2
2020-04-23 16:22:15 com.qingxiao.utils.ExcelHandler [ main:13 ] - [ INFO ]  当前执行循环：i:2 j:3
2020-04-23 16:22:15 com.qingxiao.utils.ExcelHandler [ main:13 ] - [ INFO ]  当前执行循环：i:2 j:4
2020-04-23 16:22:15 com.qingxiao.utils.ExcelHandler [ main:13 ] - [ INFO ]  当前执行循环：i:2 j:5
2020-04-23 16:22:15 com.qingxiao.utils.ExcelHandler [ main:14 ] - [ INFO ]  当前执行循环：i:2 j:6
2020-04-23 16:22:15 com.qingxiao.utils.ExcelHandler [ main:14 ] - [ INFO ]  当前执行循环：i:2 j:7
2020-04-23 16:22:15 com.qingxiao.utils.ExcelHandler [ main:14 ] - [ INFO ]  当前执行循环：i:2 j:8
2020-04-23 16:22:15 com.qingxiao.utils.ExcelHandler [ main:15 ] - [ INFO ]  当前执行循环：i:3 j:0
2020-04-23 16:22:15 com.qingxiao.utils.ExcelHandler [ main:16 ] - [ INFO ]  当前执行循环：i:3 j:1
2020-04-23 16:22:15 com.qingxiao.utils.ExcelHandler [ main:16 ] - [ INFO ]  当前执行循环：i:3 j:2
2020-04-23 16:22:15 com.qingxiao.utils.ExcelHandler [ main:16 ] - [ INFO ]  当前执行循环：i:3 j:3
2020-04-23 16:22:15 com.qingxiao.utils.ExcelHandler [ main:17 ] - [ INFO ]  当前执行循环：i:3 j:4
2020-04-23 16:22:15 com.qingxiao.utils.ExcelHandler [ main:17 ] - [ INFO ]  当前执行循环：i:3 j:5
2020-04-23 16:22:15 com.qingxiao.utils.ExcelHandler [ main:17 ] - [ INFO ]  当前执行循环：i:3 j:6
2020-04-23 16:22:15 com.qingxiao.utils.ExcelHandler [ main:18 ] - [ INFO ]  当前执行循环：i:3 j:7
2020-04-23 16:22:15 com.qingxiao.utils.ExcelHandler [ main:18 ] - [ INFO ]  当前执行循环：i:3 j:8
2020-04-23 16:22:15 com.qingxiao.utils.ExcelHandler [ main:18 ] - [ INFO ]  当前执行循环：i:4 j:0
2020-04-23 16:22:15 com.qingxiao.utils.ExcelHandler [ main:19 ] - [ INFO ]  当前执行循环：i:4 j:1
2020-04-23 16:22:15 com.qingxiao.utils.ExcelHandler [ main:19 ] - [ INFO ]  当前执行循环：i:4 j:2
2020-04-23 16:22:15 com.qingxiao.utils.ExcelHandler [ main:19 ] - [ INFO ]  当前执行循环：i:4 j:3
2020-04-23 16:22:15 com.qingxiao.utils.ExcelHandler [ main:19 ] - [ INFO ]  当前执行循环：i:4 j:4
2020-04-23 16:22:15 com.qingxiao.utils.ExcelHandler [ main:20 ] - [ INFO ]  当前执行循环：i:4 j:5
2020-04-23 16:22:15 com.qingxiao.utils.ExcelHandler [ main:20 ] - [ INFO ]  当前执行循环：i:4 j:6
2020-04-23 16:22:15 com.qingxiao.utils.ExcelHandler [ main:20 ] - [ INFO ]  当前执行循环：i:4 j:7
2020-04-23 16:22:15 com.qingxiao.utils.ExcelHandler [ main:20 ] - [ INFO ]  当前执行循环：i:4 j:8
2020-04-23 16:22:15 com.qingxiao.utils.ExcelHandler [ main:21 ] - [ INFO ]  当前执行循环：i:5 j:0
2020-04-23 16:22:15 com.qingxiao.utils.ExcelHandler [ main:21 ] - [ INFO ]  当前执行循环：i:5 j:1
2020-04-23 16:22:15 com.qingxiao.utils.ExcelHandler [ main:21 ] - [ INFO ]  当前执行循环：i:5 j:2
2020-04-23 16:22:15 com.qingxiao.utils.ExcelHandler [ main:22 ] - [ INFO ]  当前执行循环：i:5 j:3
2020-04-23 16:22:15 com.qingxiao.utils.ExcelHandler [ main:22 ] - [ INFO ]  当前执行循环：i:5 j:4
2020-04-23 16:22:15 com.qingxiao.utils.ExcelHandler [ main:22 ] - [ INFO ]  当前执行循环：i:5 j:5
2020-04-23 16:22:15 com.qingxiao.utils.ExcelHandler [ main:23 ] - [ INFO ]  当前执行循环：i:5 j:6
2020-04-23 16:22:15 com.qingxiao.utils.ExcelHandler [ main:23 ] - [ INFO ]  当前执行循环：i:5 j:7
2020-04-23 16:22:15 com.qingxiao.utils.ExcelHandler [ main:23 ] - [ INFO ]  当前执行循环：i:5 j:8
2020-04-23 16:22:15 com.qingxiao.utils.ExcelHandler [ main:23 ] - [ INFO ]  当前执行循环：i:6 j:0
2020-04-23 16:22:15 com.qingxiao.utils.ExcelHandler [ main:24 ] - [ INFO ]  当前执行循环：i:6 j:1
2020-04-23 16:22:15 com.qingxiao.utils.ExcelHandler [ main:24 ] - [ INFO ]  当前执行循环：i:6 j:2
2020-04-23 16:22:15 com.qingxiao.utils.ExcelHandler [ main:24 ] - [ INFO ]  当前执行循环：i:6 j:3
2020-04-23 16:22:15 com.qingxiao.utils.ExcelHandler [ main:25 ] - [ INFO ]  当前执行循环：i:6 j:4
2020-04-23 16:22:15 com.qingxiao.utils.ExcelHandler [ main:25 ] - [ INFO ]  当前执行循环：i:6 j:5
2020-04-23 16:22:15 com.qingxiao.utils.ExcelHandler [ main:25 ] - [ INFO ]  当前执行循环：i:6 j:6
2020-04-23 16:22:15 com.qingxiao.utils.ExcelHandler [ main:25 ] - [ INFO ]  当前执行循环：i:6 j:7
2020-04-23 16:22:15 com.qingxiao.utils.ExcelHandler [ main:26 ] - [ INFO ]  当前执行循环：i:6 j:8
2020-04-23 16:22:15 com.qingxiao.utils.ExcelHandler [ main:26 ] - [ INFO ]  当前执行循环：i:7 j:0
2020-04-23 16:22:15 com.qingxiao.utils.ExcelHandler [ main:26 ] - [ INFO ]  当前执行循环：i:7 j:1
2020-04-23 16:22:15 com.qingxiao.utils.ExcelHandler [ main:27 ] - [ INFO ]  当前执行循环：i:7 j:2
2020-04-23 16:22:15 com.qingxiao.utils.ExcelHandler [ main:27 ] - [ INFO ]  当前执行循环：i:7 j:3
2020-04-23 16:22:15 com.qingxiao.utils.ExcelHandler [ main:27 ] - [ INFO ]  当前执行循环：i:7 j:4
2020-04-23 16:22:15 com.qingxiao.utils.ExcelHandler [ main:27 ] - [ INFO ]  当前执行循环：i:7 j:5
2020-04-23 16:22:15 com.qingxiao.utils.ExcelHandler [ main:28 ] - [ INFO ]  当前执行循环：i:7 j:6
2020-04-23 16:22:15 com.qingxiao.utils.ExcelHandler [ main:28 ] - [ INFO ]  当前执行循环：i:7 j:7
2020-04-23 16:22:15 com.qingxiao.utils.ExcelHandler [ main:28 ] - [ INFO ]  当前执行循环：i:7 j:8
2020-04-23 16:22:15 com.qingxiao.utils.ExcelHandler [ main:32 ] - [ INFO ]  当前执行循环：i:8 j:0
2020-04-23 16:22:15 com.qingxiao.utils.ExcelHandler [ main:33 ] - [ INFO ]  当前执行循环：i:8 j:1
2020-04-23 16:22:15 com.qingxiao.utils.ExcelHandler [ main:33 ] - [ INFO ]  当前执行循环：i:8 j:2
2020-04-23 16:22:15 com.qingxiao.utils.ExcelHandler [ main:33 ] - [ INFO ]  当前执行循环：i:8 j:3
2020-04-23 16:22:15 com.qingxiao.utils.ExcelHandler [ main:34 ] - [ INFO ]  当前执行循环：i:8 j:4
2020-04-23 16:22:15 com.qingxiao.utils.ExcelHandler [ main:34 ] - [ INFO ]  当前执行循环：i:8 j:5
2020-04-23 16:22:15 com.qingxiao.utils.ExcelHandler [ main:34 ] - [ INFO ]  当前执行循环：i:8 j:6
2020-04-23 16:22:15 com.qingxiao.utils.ExcelHandler [ main:34 ] - [ INFO ]  当前执行循环：i:8 j:7
2020-04-23 16:22:15 com.qingxiao.utils.ExcelHandler [ main:34 ] - [ INFO ]  当前执行循环：i:8 j:8
2020-04-23 16:22:52 com.qingxiao.utils.ExcelHandler [ main:0 ] - [ INFO ]  当前执行循环：i:0 j:0
2020-04-23 16:22:52 com.qingxiao.utils.ExcelHandler [ main:2 ] - [ INFO ]  当前执行循环：i:0 j:1
2020-04-23 16:22:52 com.qingxiao.utils.ExcelHandler [ main:2 ] - [ INFO ]  当前执行循环：i:0 j:2
2020-04-23 16:22:52 com.qingxiao.utils.ExcelHandler [ main:2 ] - [ INFO ]  当前执行循环：i:0 j:3
2020-04-23 16:22:52 com.qingxiao.utils.ExcelHandler [ main:3 ] - [ INFO ]  当前执行循环：i:0 j:4
2020-04-23 16:22:52 com.qingxiao.utils.ExcelHandler [ main:3 ] - [ INFO ]  当前执行循环：i:0 j:5
2020-04-23 16:22:52 com.qingxiao.utils.ExcelHandler [ main:4 ] - [ INFO ]  当前执行循环：i:0 j:6
2020-04-23 16:22:52 com.qingxiao.utils.ExcelHandler [ main:4 ] - [ INFO ]  当前执行循环：i:0 j:7
2020-04-23 16:22:52 com.qingxiao.utils.ExcelHandler [ main:5 ] - [ INFO ]  当前执行循环：i:0 j:8
2020-04-23 16:24:45 com.qingxiao.utils.ExcelHandler [ main:0 ] - [ INFO ]  当前执行循环：i:0 j:0
2020-04-23 16:24:45 com.qingxiao.utils.ExcelHandler [ main:2 ] - [ INFO ]  当前执行循环：i:0 j:1
2020-04-23 16:24:45 com.qingxiao.utils.ExcelHandler [ main:2 ] - [ INFO ]  当前执行循环：i:0 j:2
2020-04-23 16:24:45 com.qingxiao.utils.ExcelHandler [ main:3 ] - [ INFO ]  当前执行循环：i:0 j:3
2020-04-23 16:24:45 com.qingxiao.utils.ExcelHandler [ main:3 ] - [ INFO ]  当前执行循环：i:0 j:4
2020-04-23 16:24:45 com.qingxiao.utils.ExcelHandler [ main:3 ] - [ INFO ]  当前执行循环：i:0 j:5
2020-04-23 16:24:45 com.qingxiao.utils.ExcelHandler [ main:4 ] - [ INFO ]  当前执行循环：i:0 j:6
2020-04-23 16:24:45 com.qingxiao.utils.ExcelHandler [ main:5 ] - [ INFO ]  当前执行循环：i:0 j:7
2020-04-23 16:24:45 com.qingxiao.utils.ExcelHandler [ main:8 ] - [ INFO ]  当前执行循环：i:0 j:8
2020-04-23 16:26:19 com.qingxiao.utils.ExcelHandler [ main:0 ] - [ INFO ]  0
2020-04-23 16:26:19 com.qingxiao.utils.ExcelHandler [ main:9 ] - [ INFO ]  当前执行循环：i:0 j:0
2020-04-23 16:26:19 com.qingxiao.utils.ExcelHandler [ main:9 ] - [ INFO ]  当前执行循环：i:0 j:1
2020-04-23 16:26:19 com.qingxiao.utils.ExcelHandler [ main:10 ] - [ INFO ]  当前执行循环：i:0 j:2
2020-04-23 16:26:19 com.qingxiao.utils.ExcelHandler [ main:10 ] - [ INFO ]  当前执行循环：i:0 j:3
2020-04-23 16:26:19 com.qingxiao.utils.ExcelHandler [ main:10 ] - [ INFO ]  当前执行循环：i:0 j:4
2020-04-23 16:26:19 com.qingxiao.utils.ExcelHandler [ main:11 ] - [ INFO ]  当前执行循环：i:0 j:5
2020-04-23 16:26:19 com.qingxiao.utils.ExcelHandler [ main:12 ] - [ INFO ]  当前执行循环：i:0 j:6
2020-04-23 16:26:19 com.qingxiao.utils.ExcelHandler [ main:12 ] - [ INFO ]  当前执行循环：i:0 j:7
2020-04-23 16:26:19 com.qingxiao.utils.ExcelHandler [ main:12 ] - [ INFO ]  当前执行循环：i:0 j:8
2020-04-23 16:26:19 com.qingxiao.utils.ExcelHandler [ main:13 ] - [ INFO ]  当前执行循环：i:1 j:0
2020-04-23 16:26:19 com.qingxiao.utils.ExcelHandler [ main:13 ] - [ INFO ]  当前执行循环：i:1 j:1
2020-04-23 16:26:19 com.qingxiao.utils.ExcelHandler [ main:14 ] - [ INFO ]  当前执行循环：i:1 j:2
2020-04-23 16:26:19 com.qingxiao.utils.ExcelHandler [ main:14 ] - [ INFO ]  当前执行循环：i:1 j:3
2020-04-23 16:26:19 com.qingxiao.utils.ExcelHandler [ main:15 ] - [ INFO ]  当前执行循环：i:1 j:4
2020-04-23 16:26:19 com.qingxiao.utils.ExcelHandler [ main:16 ] - [ INFO ]  当前执行循环：i:1 j:5
2020-04-23 16:26:19 com.qingxiao.utils.ExcelHandler [ main:18 ] - [ INFO ]  当前执行循环：i:1 j:6
2020-04-23 16:26:19 com.qingxiao.utils.ExcelHandler [ main:18 ] - [ INFO ]  当前执行循环：i:1 j:7
2020-04-23 16:26:19 com.qingxiao.utils.ExcelHandler [ main:19 ] - [ INFO ]  当前执行循环：i:1 j:8
2020-04-23 16:26:19 com.qingxiao.utils.ExcelHandler [ main:19 ] - [ INFO ]  当前执行循环：i:2 j:0
2020-04-23 16:26:19 com.qingxiao.utils.ExcelHandler [ main:19 ] - [ INFO ]  当前执行循环：i:2 j:1
2020-04-23 16:26:19 com.qingxiao.utils.ExcelHandler [ main:19 ] - [ INFO ]  当前执行循环：i:2 j:2
2020-04-23 16:26:19 com.qingxiao.utils.ExcelHandler [ main:20 ] - [ INFO ]  当前执行循环：i:2 j:3
2020-04-23 16:26:19 com.qingxiao.utils.ExcelHandler [ main:20 ] - [ INFO ]  当前执行循环：i:2 j:4
2020-04-23 16:26:19 com.qingxiao.utils.ExcelHandler [ main:20 ] - [ INFO ]  当前执行循环：i:2 j:5
2020-04-23 16:26:19 com.qingxiao.utils.ExcelHandler [ main:20 ] - [ INFO ]  当前执行循环：i:2 j:6
2020-04-23 16:26:19 com.qingxiao.utils.ExcelHandler [ main:21 ] - [ INFO ]  当前执行循环：i:2 j:7
2020-04-23 16:26:19 com.qingxiao.utils.ExcelHandler [ main:21 ] - [ INFO ]  当前执行循环：i:2 j:8
2020-04-23 16:26:19 com.qingxiao.utils.ExcelHandler [ main:21 ] - [ INFO ]  当前执行循环：i:3 j:0
2020-04-23 16:26:19 com.qingxiao.utils.ExcelHandler [ main:21 ] - [ INFO ]  当前执行循环：i:3 j:1
2020-04-23 16:26:19 com.qingxiao.utils.ExcelHandler [ main:22 ] - [ INFO ]  当前执行循环：i:3 j:2
2020-04-23 16:26:19 com.qingxiao.utils.ExcelHandler [ main:22 ] - [ INFO ]  当前执行循环：i:3 j:3
2020-04-23 16:26:19 com.qingxiao.utils.ExcelHandler [ main:22 ] - [ INFO ]  当前执行循环：i:3 j:4
2020-04-23 16:26:19 com.qingxiao.utils.ExcelHandler [ main:22 ] - [ INFO ]  当前执行循环：i:3 j:5
2020-04-23 16:26:19 com.qingxiao.utils.ExcelHandler [ main:22 ] - [ INFO ]  当前执行循环：i:3 j:6
2020-04-23 16:26:19 com.qingxiao.utils.ExcelHandler [ main:23 ] - [ INFO ]  当前执行循环：i:3 j:7
2020-04-23 16:26:19 com.qingxiao.utils.ExcelHandler [ main:23 ] - [ INFO ]  当前执行循环：i:3 j:8
2020-04-23 16:26:19 com.qingxiao.utils.ExcelHandler [ main:23 ] - [ INFO ]  当前执行循环：i:4 j:0
2020-04-23 16:26:19 com.qingxiao.utils.ExcelHandler [ main:24 ] - [ INFO ]  当前执行循环：i:4 j:1
2020-04-23 16:26:19 com.qingxiao.utils.ExcelHandler [ main:24 ] - [ INFO ]  当前执行循环：i:4 j:2
2020-04-23 16:26:19 com.qingxiao.utils.ExcelHandler [ main:24 ] - [ INFO ]  当前执行循环：i:4 j:3
2020-04-23 16:26:19 com.qingxiao.utils.ExcelHandler [ main:24 ] - [ INFO ]  当前执行循环：i:4 j:4
2020-04-23 16:26:19 com.qingxiao.utils.ExcelHandler [ main:25 ] - [ INFO ]  当前执行循环：i:4 j:5
2020-04-23 16:26:19 com.qingxiao.utils.ExcelHandler [ main:25 ] - [ INFO ]  当前执行循环：i:4 j:6
2020-04-23 16:26:19 com.qingxiao.utils.ExcelHandler [ main:25 ] - [ INFO ]  当前执行循环：i:4 j:7
2020-04-23 16:26:19 com.qingxiao.utils.ExcelHandler [ main:25 ] - [ INFO ]  当前执行循环：i:4 j:8
2020-04-23 16:26:19 com.qingxiao.utils.ExcelHandler [ main:25 ] - [ INFO ]  当前执行循环：i:5 j:0
2020-04-23 16:26:19 com.qingxiao.utils.ExcelHandler [ main:26 ] - [ INFO ]  当前执行循环：i:5 j:1
2020-04-23 16:26:19 com.qingxiao.utils.ExcelHandler [ main:26 ] - [ INFO ]  当前执行循环：i:5 j:2
2020-04-23 16:26:19 com.qingxiao.utils.ExcelHandler [ main:26 ] - [ INFO ]  当前执行循环：i:5 j:3
2020-04-23 16:26:19 com.qingxiao.utils.ExcelHandler [ main:26 ] - [ INFO ]  当前执行循环：i:5 j:4
2020-04-23 16:26:19 com.qingxiao.utils.ExcelHandler [ main:26 ] - [ INFO ]  当前执行循环：i:5 j:5
2020-04-23 16:26:19 com.qingxiao.utils.ExcelHandler [ main:27 ] - [ INFO ]  当前执行循环：i:5 j:6
2020-04-23 16:26:19 com.qingxiao.utils.ExcelHandler [ main:27 ] - [ INFO ]  当前执行循环：i:5 j:7
2020-04-23 16:26:19 com.qingxiao.utils.ExcelHandler [ main:27 ] - [ INFO ]  当前执行循环：i:5 j:8
2020-04-23 16:26:19 com.qingxiao.utils.ExcelHandler [ main:28 ] - [ INFO ]  当前执行循环：i:6 j:0
2020-04-23 16:26:19 com.qingxiao.utils.ExcelHandler [ main:28 ] - [ INFO ]  当前执行循环：i:6 j:1
2020-04-23 16:26:19 com.qingxiao.utils.ExcelHandler [ main:28 ] - [ INFO ]  当前执行循环：i:6 j:2
2020-04-23 16:26:19 com.qingxiao.utils.ExcelHandler [ main:29 ] - [ INFO ]  当前执行循环：i:6 j:3
2020-04-23 16:26:19 com.qingxiao.utils.ExcelHandler [ main:29 ] - [ INFO ]  当前执行循环：i:6 j:4
2020-04-23 16:26:19 com.qingxiao.utils.ExcelHandler [ main:29 ] - [ INFO ]  当前执行循环：i:6 j:5
2020-04-23 16:26:19 com.qingxiao.utils.ExcelHandler [ main:29 ] - [ INFO ]  当前执行循环：i:6 j:6
2020-04-23 16:26:19 com.qingxiao.utils.ExcelHandler [ main:29 ] - [ INFO ]  当前执行循环：i:6 j:7
2020-04-23 16:26:19 com.qingxiao.utils.ExcelHandler [ main:30 ] - [ INFO ]  当前执行循环：i:6 j:8
2020-04-23 16:26:19 com.qingxiao.utils.ExcelHandler [ main:30 ] - [ INFO ]  当前执行循环：i:7 j:0
2020-04-23 16:26:19 com.qingxiao.utils.ExcelHandler [ main:30 ] - [ INFO ]  当前执行循环：i:7 j:1
2020-04-23 16:26:19 com.qingxiao.utils.ExcelHandler [ main:31 ] - [ INFO ]  当前执行循环：i:7 j:2
2020-04-23 16:26:19 com.qingxiao.utils.ExcelHandler [ main:31 ] - [ INFO ]  当前执行循环：i:7 j:3
2020-04-23 16:26:19 com.qingxiao.utils.ExcelHandler [ main:31 ] - [ INFO ]  当前执行循环：i:7 j:4
2020-04-23 16:26:19 com.qingxiao.utils.ExcelHandler [ main:31 ] - [ INFO ]  当前执行循环：i:7 j:5
2020-04-23 16:26:19 com.qingxiao.utils.ExcelHandler [ main:32 ] - [ INFO ]  当前执行循环：i:7 j:6
2020-04-23 16:26:19 com.qingxiao.utils.ExcelHandler [ main:32 ] - [ INFO ]  当前执行循环：i:7 j:7
2020-04-23 16:26:19 com.qingxiao.utils.ExcelHandler [ main:32 ] - [ INFO ]  当前执行循环：i:7 j:8
2020-04-23 16:26:19 com.qingxiao.utils.ExcelHandler [ main:32 ] - [ INFO ]  当前执行循环：i:8 j:0
2020-04-23 16:26:19 com.qingxiao.utils.ExcelHandler [ main:33 ] - [ INFO ]  当前执行循环：i:8 j:1
2020-04-23 16:26:19 com.qingxiao.utils.ExcelHandler [ main:33 ] - [ INFO ]  当前执行循环：i:8 j:2
2020-04-23 16:26:19 com.qingxiao.utils.ExcelHandler [ main:33 ] - [ INFO ]  当前执行循环：i:8 j:3
2020-04-23 16:26:19 com.qingxiao.utils.ExcelHandler [ main:34 ] - [ INFO ]  当前执行循环：i:8 j:4
2020-04-23 16:26:19 com.qingxiao.utils.ExcelHandler [ main:34 ] - [ INFO ]  当前执行循环：i:8 j:5
2020-04-23 16:26:19 com.qingxiao.utils.ExcelHandler [ main:34 ] - [ INFO ]  当前执行循环：i:8 j:6
2020-04-23 16:26:19 com.qingxiao.utils.ExcelHandler [ main:34 ] - [ INFO ]  当前执行循环：i:8 j:7
2020-04-23 16:26:19 com.qingxiao.utils.ExcelHandler [ main:35 ] - [ INFO ]  当前执行循环：i:8 j:8
2020-04-23 16:26:58 com.qingxiao.utils.ExcelHandler [ main:0 ] - [ INFO ]  0
8
2020-04-23 16:26:58 com.qingxiao.utils.ExcelHandler [ main:7 ] - [ INFO ]  当前执行循环：i:0 j:0
2020-04-23 16:26:58 com.qingxiao.utils.ExcelHandler [ main:7 ] - [ INFO ]  当前执行循环：i:0 j:1
2020-04-23 16:26:58 com.qingxiao.utils.ExcelHandler [ main:8 ] - [ INFO ]  当前执行循环：i:0 j:2
2020-04-23 16:26:58 com.qingxiao.utils.ExcelHandler [ main:8 ] - [ INFO ]  当前执行循环：i:0 j:3
2020-04-23 16:26:58 com.qingxiao.utils.ExcelHandler [ main:8 ] - [ INFO ]  当前执行循环：i:0 j:4
2020-04-23 16:26:58 com.qingxiao.utils.ExcelHandler [ main:9 ] - [ INFO ]  当前执行循环：i:0 j:5
2020-04-23 16:26:58 com.qingxiao.utils.ExcelHandler [ main:9 ] - [ INFO ]  当前执行循环：i:0 j:6
2020-04-23 16:26:58 com.qingxiao.utils.ExcelHandler [ main:10 ] - [ INFO ]  当前执行循环：i:0 j:7
2020-04-23 16:26:58 com.qingxiao.utils.ExcelHandler [ main:10 ] - [ INFO ]  当前执行循环：i:0 j:8
2020-04-23 16:26:58 com.qingxiao.utils.ExcelHandler [ main:11 ] - [ INFO ]  当前执行循环：i:1 j:0
2020-04-23 16:26:58 com.qingxiao.utils.ExcelHandler [ main:11 ] - [ INFO ]  当前执行循环：i:1 j:1
2020-04-23 16:26:58 com.qingxiao.utils.ExcelHandler [ main:11 ] - [ INFO ]  当前执行循环：i:1 j:2
2020-04-23 16:26:58 com.qingxiao.utils.ExcelHandler [ main:11 ] - [ INFO ]  当前执行循环：i:1 j:3
2020-04-23 16:26:58 com.qingxiao.utils.ExcelHandler [ main:12 ] - [ INFO ]  当前执行循环：i:1 j:4
2020-04-23 16:26:58 com.qingxiao.utils.ExcelHandler [ main:12 ] - [ INFO ]  当前执行循环：i:1 j:5
2020-04-23 16:26:58 com.qingxiao.utils.ExcelHandler [ main:15 ] - [ INFO ]  当前执行循环：i:1 j:6
2020-04-23 16:26:58 com.qingxiao.utils.ExcelHandler [ main:15 ] - [ INFO ]  当前执行循环：i:1 j:7
2020-04-23 16:26:58 com.qingxiao.utils.ExcelHandler [ main:15 ] - [ INFO ]  当前执行循环：i:1 j:8
2020-04-23 16:26:58 com.qingxiao.utils.ExcelHandler [ main:16 ] - [ INFO ]  当前执行循环：i:2 j:0
2020-04-23 16:26:58 com.qingxiao.utils.ExcelHandler [ main:16 ] - [ INFO ]  当前执行循环：i:2 j:1
2020-04-23 16:26:58 com.qingxiao.utils.ExcelHandler [ main:16 ] - [ INFO ]  当前执行循环：i:2 j:2
2020-04-23 16:26:58 com.qingxiao.utils.ExcelHandler [ main:16 ] - [ INFO ]  当前执行循环：i:2 j:3
2020-04-23 16:26:58 com.qingxiao.utils.ExcelHandler [ main:17 ] - [ INFO ]  当前执行循环：i:2 j:4
2020-04-23 16:26:58 com.qingxiao.utils.ExcelHandler [ main:17 ] - [ INFO ]  当前执行循环：i:2 j:5
2020-04-23 16:26:58 com.qingxiao.utils.ExcelHandler [ main:17 ] - [ INFO ]  当前执行循环：i:2 j:6
2020-04-23 16:26:58 com.qingxiao.utils.ExcelHandler [ main:17 ] - [ INFO ]  当前执行循环：i:2 j:7
2020-04-23 16:26:58 com.qingxiao.utils.ExcelHandler [ main:18 ] - [ INFO ]  当前执行循环：i:2 j:8
2020-04-23 16:26:58 com.qingxiao.utils.ExcelHandler [ main:18 ] - [ INFO ]  当前执行循环：i:3 j:0
2020-04-23 16:26:58 com.qingxiao.utils.ExcelHandler [ main:18 ] - [ INFO ]  当前执行循环：i:3 j:1
2020-04-23 16:26:58 com.qingxiao.utils.ExcelHandler [ main:18 ] - [ INFO ]  当前执行循环：i:3 j:2
2020-04-23 16:26:58 com.qingxiao.utils.ExcelHandler [ main:19 ] - [ INFO ]  当前执行循环：i:3 j:3
2020-04-23 16:26:58 com.qingxiao.utils.ExcelHandler [ main:19 ] - [ INFO ]  当前执行循环：i:3 j:4
2020-04-23 16:26:58 com.qingxiao.utils.ExcelHandler [ main:19 ] - [ INFO ]  当前执行循环：i:3 j:5
2020-04-23 16:26:58 com.qingxiao.utils.ExcelHandler [ main:20 ] - [ INFO ]  当前执行循环：i:3 j:6
2020-04-23 16:26:58 com.qingxiao.utils.ExcelHandler [ main:20 ] - [ INFO ]  当前执行循环：i:3 j:7
2020-04-23 16:26:58 com.qingxiao.utils.ExcelHandler [ main:21 ] - [ INFO ]  当前执行循环：i:3 j:8
2020-04-23 16:26:58 com.qingxiao.utils.ExcelHandler [ main:21 ] - [ INFO ]  当前执行循环：i:4 j:0
2020-04-23 16:26:58 com.qingxiao.utils.ExcelHandler [ main:21 ] - [ INFO ]  当前执行循环：i:4 j:1
2020-04-23 16:26:58 com.qingxiao.utils.ExcelHandler [ main:21 ] - [ INFO ]  当前执行循环：i:4 j:2
2020-04-23 16:26:58 com.qingxiao.utils.ExcelHandler [ main:22 ] - [ INFO ]  当前执行循环：i:4 j:3
2020-04-23 16:26:58 com.qingxiao.utils.ExcelHandler [ main:22 ] - [ INFO ]  当前执行循环：i:4 j:4
2020-04-23 16:26:58 com.qingxiao.utils.ExcelHandler [ main:22 ] - [ INFO ]  当前执行循环：i:4 j:5
2020-04-23 16:26:58 com.qingxiao.utils.ExcelHandler [ main:22 ] - [ INFO ]  当前执行循环：i:4 j:6
2020-04-23 16:26:58 com.qingxiao.utils.ExcelHandler [ main:23 ] - [ INFO ]  当前执行循环：i:4 j:7
2020-04-23 16:26:58 com.qingxiao.utils.ExcelHandler [ main:23 ] - [ INFO ]  当前执行循环：i:4 j:8
2020-04-23 16:26:58 com.qingxiao.utils.ExcelHandler [ main:23 ] - [ INFO ]  当前执行循环：i:5 j:0
2020-04-23 16:26:58 com.qingxiao.utils.ExcelHandler [ main:23 ] - [ INFO ]  当前执行循环：i:5 j:1
2020-04-23 16:26:58 com.qingxiao.utils.ExcelHandler [ main:23 ] - [ INFO ]  当前执行循环：i:5 j:2
2020-04-23 16:26:58 com.qingxiao.utils.ExcelHandler [ main:24 ] - [ INFO ]  当前执行循环：i:5 j:3
2020-04-23 16:26:58 com.qingxiao.utils.ExcelHandler [ main:24 ] - [ INFO ]  当前执行循环：i:5 j:4
2020-04-23 16:26:58 com.qingxiao.utils.ExcelHandler [ main:24 ] - [ INFO ]  当前执行循环：i:5 j:5
2020-04-23 16:26:58 com.qingxiao.utils.ExcelHandler [ main:24 ] - [ INFO ]  当前执行循环：i:5 j:6
2020-04-23 16:26:58 com.qingxiao.utils.ExcelHandler [ main:25 ] - [ INFO ]  当前执行循环：i:5 j:7
2020-04-23 16:26:58 com.qingxiao.utils.ExcelHandler [ main:25 ] - [ INFO ]  当前执行循环：i:5 j:8
2020-04-23 16:26:58 com.qingxiao.utils.ExcelHandler [ main:25 ] - [ INFO ]  当前执行循环：i:6 j:0
2020-04-23 16:26:58 com.qingxiao.utils.ExcelHandler [ main:25 ] - [ INFO ]  当前执行循环：i:6 j:1
2020-04-23 16:26:58 com.qingxiao.utils.ExcelHandler [ main:26 ] - [ INFO ]  当前执行循环：i:6 j:2
2020-04-23 16:26:58 com.qingxiao.utils.ExcelHandler [ main:26 ] - [ INFO ]  当前执行循环：i:6 j:3
2020-04-23 16:26:58 com.qingxiao.utils.ExcelHandler [ main:26 ] - [ INFO ]  当前执行循环：i:6 j:4
2020-04-23 16:26:58 com.qingxiao.utils.ExcelHandler [ main:26 ] - [ INFO ]  当前执行循环：i:6 j:5
2020-04-23 16:26:58 com.qingxiao.utils.ExcelHandler [ main:27 ] - [ INFO ]  当前执行循环：i:6 j:6
2020-04-23 16:26:58 com.qingxiao.utils.ExcelHandler [ main:27 ] - [ INFO ]  当前执行循环：i:6 j:7
2020-04-23 16:26:58 com.qingxiao.utils.ExcelHandler [ main:27 ] - [ INFO ]  当前执行循环：i:6 j:8
2020-04-23 16:26:58 com.qingxiao.utils.ExcelHandler [ main:28 ] - [ INFO ]  当前执行循环：i:7 j:0
2020-04-23 16:26:58 com.qingxiao.utils.ExcelHandler [ main:28 ] - [ INFO ]  当前执行循环：i:7 j:1
2020-04-23 16:26:58 com.qingxiao.utils.ExcelHandler [ main:28 ] - [ INFO ]  当前执行循环：i:7 j:2
2020-04-23 16:26:58 com.qingxiao.utils.ExcelHandler [ main:28 ] - [ INFO ]  当前执行循环：i:7 j:3
2020-04-23 16:26:58 com.qingxiao.utils.ExcelHandler [ main:29 ] - [ INFO ]  当前执行循环：i:7 j:4
2020-04-23 16:26:58 com.qingxiao.utils.ExcelHandler [ main:29 ] - [ INFO ]  当前执行循环：i:7 j:5
2020-04-23 16:26:58 com.qingxiao.utils.ExcelHandler [ main:29 ] - [ INFO ]  当前执行循环：i:7 j:6
2020-04-23 16:26:58 com.qingxiao.utils.ExcelHandler [ main:29 ] - [ INFO ]  当前执行循环：i:7 j:7
2020-04-23 16:26:58 com.qingxiao.utils.ExcelHandler [ main:30 ] - [ INFO ]  当前执行循环：i:7 j:8
2020-04-23 16:26:58 com.qingxiao.utils.ExcelHandler [ main:30 ] - [ INFO ]  当前执行循环：i:8 j:0
2020-04-23 16:26:58 com.qingxiao.utils.ExcelHandler [ main:30 ] - [ INFO ]  当前执行循环：i:8 j:1
2020-04-23 16:26:58 com.qingxiao.utils.ExcelHandler [ main:31 ] - [ INFO ]  当前执行循环：i:8 j:2
2020-04-23 16:26:58 com.qingxiao.utils.ExcelHandler [ main:31 ] - [ INFO ]  当前执行循环：i:8 j:3
2020-04-23 16:26:58 com.qingxiao.utils.ExcelHandler [ main:32 ] - [ INFO ]  当前执行循环：i:8 j:4
2020-04-23 16:26:58 com.qingxiao.utils.ExcelHandler [ main:32 ] - [ INFO ]  当前执行循环：i:8 j:5
2020-04-23 16:26:58 com.qingxiao.utils.ExcelHandler [ main:32 ] - [ INFO ]  当前执行循环：i:8 j:6
2020-04-23 16:26:58 com.qingxiao.utils.ExcelHandler [ main:32 ] - [ INFO ]  当前执行循环：i:8 j:7
2020-04-23 16:26:58 com.qingxiao.utils.ExcelHandler [ main:33 ] - [ INFO ]  当前执行循环：i:8 j:8
2020-04-23 16:30:06 com.qingxiao.utils.ExcelHandler [ main:0 ] - [ INFO ]  0
8
2020-04-23 16:30:06 com.qingxiao.utils.ExcelHandler [ main:12 ] - [ INFO ]  当前执行循环：i:0 j:0
2020-04-23 16:30:06 com.qingxiao.utils.ExcelHandler [ main:12 ] - [ INFO ]  当前执行循环：i:0 j:1
2020-04-23 16:30:06 com.qingxiao.utils.ExcelHandler [ main:12 ] - [ INFO ]  当前执行循环：i:0 j:2
2020-04-23 16:30:06 com.qingxiao.utils.ExcelHandler [ main:12 ] - [ INFO ]  当前执行循环：i:0 j:3
2020-04-23 16:30:06 com.qingxiao.utils.ExcelHandler [ main:13 ] - [ INFO ]  当前执行循环：i:0 j:4
2020-04-23 16:30:06 com.qingxiao.utils.ExcelHandler [ main:13 ] - [ INFO ]  当前执行循环：i:0 j:5
2020-04-23 16:30:06 com.qingxiao.utils.ExcelHandler [ main:13 ] - [ INFO ]  当前执行循环：i:0 j:6
2020-04-23 16:30:06 com.qingxiao.utils.ExcelHandler [ main:14 ] - [ INFO ]  当前执行循环：i:0 j:7
2020-04-23 16:30:06 com.qingxiao.utils.ExcelHandler [ main:15 ] - [ INFO ]  当前执行循环：i:0 j:8
2020-04-23 16:30:06 com.qingxiao.utils.ExcelHandler [ main:15 ] - [ INFO ]  当前执行循环：i:1 j:0
2020-04-23 16:30:06 com.qingxiao.utils.ExcelHandler [ main:15 ] - [ INFO ]  当前执行循环：i:1 j:1
2020-04-23 16:30:06 com.qingxiao.utils.ExcelHandler [ main:15 ] - [ INFO ]  当前执行循环：i:1 j:2
2020-04-23 16:30:06 com.qingxiao.utils.ExcelHandler [ main:15 ] - [ INFO ]  当前执行循环：i:1 j:3
2020-04-23 16:30:06 com.qingxiao.utils.ExcelHandler [ main:16 ] - [ INFO ]  当前执行循环：i:1 j:4
2020-04-23 16:30:06 com.qingxiao.utils.ExcelHandler [ main:17 ] - [ INFO ]  当前执行循环：i:1 j:5
2020-04-23 16:30:06 com.qingxiao.utils.ExcelHandler [ main:19 ] - [ INFO ]  当前执行循环：i:1 j:6
2020-04-23 16:30:06 com.qingxiao.utils.ExcelHandler [ main:20 ] - [ INFO ]  当前执行循环：i:1 j:7
2020-04-23 16:30:06 com.qingxiao.utils.ExcelHandler [ main:20 ] - [ INFO ]  当前执行循环：i:1 j:8
2020-04-23 16:30:06 com.qingxiao.utils.ExcelHandler [ main:21 ] - [ INFO ]  当前执行循环：i:2 j:0
2020-04-23 16:30:06 com.qingxiao.utils.ExcelHandler [ main:21 ] - [ INFO ]  当前执行循环：i:2 j:1
2020-04-23 16:30:06 com.qingxiao.utils.ExcelHandler [ main:21 ] - [ INFO ]  当前执行循环：i:2 j:2
2020-04-23 16:30:06 com.qingxiao.utils.ExcelHandler [ main:22 ] - [ INFO ]  当前执行循环：i:2 j:3
2020-04-23 16:30:06 com.qingxiao.utils.ExcelHandler [ main:22 ] - [ INFO ]  当前执行循环：i:2 j:4
2020-04-23 16:30:06 com.qingxiao.utils.ExcelHandler [ main:22 ] - [ INFO ]  当前执行循环：i:2 j:5
2020-04-23 16:30:06 com.qingxiao.utils.ExcelHandler [ main:22 ] - [ INFO ]  当前执行循环：i:2 j:6
2020-04-23 16:30:06 com.qingxiao.utils.ExcelHandler [ main:22 ] - [ INFO ]  当前执行循环：i:2 j:7
2020-04-23 16:30:06 com.qingxiao.utils.ExcelHandler [ main:23 ] - [ INFO ]  当前执行循环：i:2 j:8
2020-04-23 16:30:06 com.qingxiao.utils.ExcelHandler [ main:23 ] - [ INFO ]  当前执行循环：i:3 j:0
2020-04-23 16:30:06 com.qingxiao.utils.ExcelHandler [ main:23 ] - [ INFO ]  当前执行循环：i:3 j:1
2020-04-23 16:30:06 com.qingxiao.utils.ExcelHandler [ main:23 ] - [ INFO ]  当前执行循环：i:3 j:2
2020-04-23 16:30:06 com.qingxiao.utils.ExcelHandler [ main:24 ] - [ INFO ]  当前执行循环：i:3 j:3
2020-04-23 16:30:06 com.qingxiao.utils.ExcelHandler [ main:24 ] - [ INFO ]  当前执行循环：i:3 j:4
2020-04-23 16:30:06 com.qingxiao.utils.ExcelHandler [ main:24 ] - [ INFO ]  当前执行循环：i:3 j:5
2020-04-23 16:30:06 com.qingxiao.utils.ExcelHandler [ main:24 ] - [ INFO ]  当前执行循环：i:3 j:6
2020-04-23 16:30:06 com.qingxiao.utils.ExcelHandler [ main:25 ] - [ INFO ]  当前执行循环：i:3 j:7
2020-04-23 16:30:06 com.qingxiao.utils.ExcelHandler [ main:25 ] - [ INFO ]  当前执行循环：i:3 j:8
2020-04-23 16:30:06 com.qingxiao.utils.ExcelHandler [ main:25 ] - [ INFO ]  当前执行循环：i:4 j:0
2020-04-23 16:30:06 com.qingxiao.utils.ExcelHandler [ main:26 ] - [ INFO ]  当前执行循环：i:4 j:1
2020-04-23 16:30:06 com.qingxiao.utils.ExcelHandler [ main:26 ] - [ INFO ]  当前执行循环：i:4 j:2
2020-04-23 16:30:06 com.qingxiao.utils.ExcelHandler [ main:26 ] - [ INFO ]  当前执行循环：i:4 j:3
2020-04-23 16:30:06 com.qingxiao.utils.ExcelHandler [ main:26 ] - [ INFO ]  当前执行循环：i:4 j:4
2020-04-23 16:30:06 com.qingxiao.utils.ExcelHandler [ main:27 ] - [ INFO ]  当前执行循环：i:4 j:5
2020-04-23 16:30:06 com.qingxiao.utils.ExcelHandler [ main:27 ] - [ INFO ]  当前执行循环：i:4 j:6
2020-04-23 16:30:06 com.qingxiao.utils.ExcelHandler [ main:27 ] - [ INFO ]  当前执行循环：i:4 j:7
2020-04-23 16:30:06 com.qingxiao.utils.ExcelHandler [ main:27 ] - [ INFO ]  当前执行循环：i:4 j:8
2020-04-23 16:30:06 com.qingxiao.utils.ExcelHandler [ main:28 ] - [ INFO ]  当前执行循环：i:5 j:0
2020-04-23 16:30:06 com.qingxiao.utils.ExcelHandler [ main:28 ] - [ INFO ]  当前执行循环：i:5 j:1
2020-04-23 16:30:06 com.qingxiao.utils.ExcelHandler [ main:28 ] - [ INFO ]  当前执行循环：i:5 j:2
2020-04-23 16:30:06 com.qingxiao.utils.ExcelHandler [ main:28 ] - [ INFO ]  当前执行循环：i:5 j:3
2020-04-23 16:30:06 com.qingxiao.utils.ExcelHandler [ main:28 ] - [ INFO ]  当前执行循环：i:5 j:4
2020-04-23 16:30:06 com.qingxiao.utils.ExcelHandler [ main:29 ] - [ INFO ]  当前执行循环：i:5 j:5
2020-04-23 16:30:06 com.qingxiao.utils.ExcelHandler [ main:29 ] - [ INFO ]  当前执行循环：i:5 j:6
2020-04-23 16:30:06 com.qingxiao.utils.ExcelHandler [ main:29 ] - [ INFO ]  当前执行循环：i:5 j:7
2020-04-23 16:30:06 com.qingxiao.utils.ExcelHandler [ main:29 ] - [ INFO ]  当前执行循环：i:5 j:8
2020-04-23 16:30:06 com.qingxiao.utils.ExcelHandler [ main:29 ] - [ INFO ]  当前执行循环：i:6 j:0
2020-04-23 16:30:06 com.qingxiao.utils.ExcelHandler [ main:30 ] - [ INFO ]  当前执行循环：i:6 j:1
2020-04-23 16:30:06 com.qingxiao.utils.ExcelHandler [ main:30 ] - [ INFO ]  当前执行循环：i:6 j:2
2020-04-23 16:30:06 com.qingxiao.utils.ExcelHandler [ main:30 ] - [ INFO ]  当前执行循环：i:6 j:3
2020-04-23 16:30:06 com.qingxiao.utils.ExcelHandler [ main:30 ] - [ INFO ]  当前执行循环：i:6 j:4
2020-04-23 16:30:06 com.qingxiao.utils.ExcelHandler [ main:31 ] - [ INFO ]  当前执行循环：i:6 j:5
2020-04-23 16:30:06 com.qingxiao.utils.ExcelHandler [ main:31 ] - [ INFO ]  当前执行循环：i:6 j:6
2020-04-23 16:30:06 com.qingxiao.utils.ExcelHandler [ main:31 ] - [ INFO ]  当前执行循环：i:6 j:7
2020-04-23 16:30:06 com.qingxiao.utils.ExcelHandler [ main:31 ] - [ INFO ]  当前执行循环：i:6 j:8
2020-04-23 16:30:06 com.qingxiao.utils.ExcelHandler [ main:32 ] - [ INFO ]  当前执行循环：i:7 j:0
2020-04-23 16:30:06 com.qingxiao.utils.ExcelHandler [ main:32 ] - [ INFO ]  当前执行循环：i:7 j:1
2020-04-23 16:30:06 com.qingxiao.utils.ExcelHandler [ main:32 ] - [ INFO ]  当前执行循环：i:7 j:2
2020-04-23 16:30:06 com.qingxiao.utils.ExcelHandler [ main:32 ] - [ INFO ]  当前执行循环：i:7 j:3
2020-04-23 16:30:06 com.qingxiao.utils.ExcelHandler [ main:33 ] - [ INFO ]  当前执行循环：i:7 j:4
2020-04-23 16:30:06 com.qingxiao.utils.ExcelHandler [ main:33 ] - [ INFO ]  当前执行循环：i:7 j:5
2020-04-23 16:30:06 com.qingxiao.utils.ExcelHandler [ main:33 ] - [ INFO ]  当前执行循环：i:7 j:6
2020-04-23 16:30:06 com.qingxiao.utils.ExcelHandler [ main:34 ] - [ INFO ]  当前执行循环：i:7 j:7
2020-04-23 16:30:06 com.qingxiao.utils.ExcelHandler [ main:35 ] - [ INFO ]  当前执行循环：i:7 j:8
2020-04-23 16:30:16 com.qingxiao.utils.ExcelHandler [ main:0 ] - [ INFO ]  0
8
2020-04-23 16:30:16 com.qingxiao.utils.ExcelHandler [ main:10 ] - [ INFO ]  当前执行循环：i:0 j:0
2020-04-23 16:30:16 com.qingxiao.utils.ExcelHandler [ main:10 ] - [ INFO ]  当前执行循环：i:0 j:1
2020-04-23 16:30:16 com.qingxiao.utils.ExcelHandler [ main:11 ] - [ INFO ]  当前执行循环：i:0 j:2
2020-04-23 16:30:16 com.qingxiao.utils.ExcelHandler [ main:11 ] - [ INFO ]  当前执行循环：i:0 j:3
2020-04-23 16:30:16 com.qingxiao.utils.ExcelHandler [ main:11 ] - [ INFO ]  当前执行循环：i:0 j:4
2020-04-23 16:30:16 com.qingxiao.utils.ExcelHandler [ main:12 ] - [ INFO ]  当前执行循环：i:0 j:5
2020-04-23 16:30:16 com.qingxiao.utils.ExcelHandler [ main:12 ] - [ INFO ]  当前执行循环：i:0 j:6
2020-04-23 16:30:16 com.qingxiao.utils.ExcelHandler [ main:13 ] - [ INFO ]  当前执行循环：i:0 j:7
2020-04-23 16:30:16 com.qingxiao.utils.ExcelHandler [ main:13 ] - [ INFO ]  当前执行循环：i:0 j:8
2020-04-23 16:30:16 com.qingxiao.utils.ExcelHandler [ main:13 ] - [ INFO ]  当前执行循环：i:1 j:0
2020-04-23 16:30:16 com.qingxiao.utils.ExcelHandler [ main:14 ] - [ INFO ]  当前执行循环：i:1 j:1
2020-04-23 16:30:16 com.qingxiao.utils.ExcelHandler [ main:14 ] - [ INFO ]  当前执行循环：i:1 j:2
2020-04-23 16:30:16 com.qingxiao.utils.ExcelHandler [ main:14 ] - [ INFO ]  当前执行循环：i:1 j:3
2020-04-23 16:30:16 com.qingxiao.utils.ExcelHandler [ main:15 ] - [ INFO ]  当前执行循环：i:1 j:4
2020-04-23 16:30:16 com.qingxiao.utils.ExcelHandler [ main:15 ] - [ INFO ]  当前执行循环：i:1 j:5
2020-04-23 16:30:16 com.qingxiao.utils.ExcelHandler [ main:17 ] - [ INFO ]  当前执行循环：i:1 j:6
2020-04-23 16:30:16 com.qingxiao.utils.ExcelHandler [ main:18 ] - [ INFO ]  当前执行循环：i:1 j:7
2020-04-23 16:30:16 com.qingxiao.utils.ExcelHandler [ main:19 ] - [ INFO ]  当前执行循环：i:1 j:8
2020-04-23 16:30:16 com.qingxiao.utils.ExcelHandler [ main:19 ] - [ INFO ]  当前执行循环：i:2 j:0
2020-04-23 16:30:16 com.qingxiao.utils.ExcelHandler [ main:19 ] - [ INFO ]  当前执行循环：i:2 j:1
2020-04-23 16:30:16 com.qingxiao.utils.ExcelHandler [ main:19 ] - [ INFO ]  当前执行循环：i:2 j:2
2020-04-23 16:30:16 com.qingxiao.utils.ExcelHandler [ main:20 ] - [ INFO ]  当前执行循环：i:2 j:3
2020-04-23 16:30:16 com.qingxiao.utils.ExcelHandler [ main:20 ] - [ INFO ]  当前执行循环：i:2 j:4
2020-04-23 16:30:16 com.qingxiao.utils.ExcelHandler [ main:20 ] - [ INFO ]  当前执行循环：i:2 j:5
2020-04-23 16:30:16 com.qingxiao.utils.ExcelHandler [ main:21 ] - [ INFO ]  当前执行循环：i:2 j:6
2020-04-23 16:30:16 com.qingxiao.utils.ExcelHandler [ main:21 ] - [ INFO ]  当前执行循环：i:2 j:7
2020-04-23 16:30:16 com.qingxiao.utils.ExcelHandler [ main:21 ] - [ INFO ]  当前执行循环：i:2 j:8
2020-04-23 16:30:16 com.qingxiao.utils.ExcelHandler [ main:21 ] - [ INFO ]  当前执行循环：i:3 j:0
2020-04-23 16:30:16 com.qingxiao.utils.ExcelHandler [ main:21 ] - [ INFO ]  当前执行循环：i:3 j:1
2020-04-23 16:30:16 com.qingxiao.utils.ExcelHandler [ main:22 ] - [ INFO ]  当前执行循环：i:3 j:2
2020-04-23 16:30:16 com.qingxiao.utils.ExcelHandler [ main:22 ] - [ INFO ]  当前执行循环：i:3 j:3
2020-04-23 16:30:16 com.qingxiao.utils.ExcelHandler [ main:22 ] - [ INFO ]  当前执行循环：i:3 j:4
2020-04-23 16:30:16 com.qingxiao.utils.ExcelHandler [ main:22 ] - [ INFO ]  当前执行循环：i:3 j:5
2020-04-23 16:30:16 com.qingxiao.utils.ExcelHandler [ main:23 ] - [ INFO ]  当前执行循环：i:3 j:6
2020-04-23 16:30:16 com.qingxiao.utils.ExcelHandler [ main:23 ] - [ INFO ]  当前执行循环：i:3 j:7
2020-04-23 16:30:16 com.qingxiao.utils.ExcelHandler [ main:23 ] - [ INFO ]  当前执行循环：i:3 j:8
2020-04-23 16:30:16 com.qingxiao.utils.ExcelHandler [ main:24 ] - [ INFO ]  当前执行循环：i:4 j:0
2020-04-23 16:30:16 com.qingxiao.utils.ExcelHandler [ main:24 ] - [ INFO ]  当前执行循环：i:4 j:1
2020-04-23 16:30:16 com.qingxiao.utils.ExcelHandler [ main:24 ] - [ INFO ]  当前执行循环：i:4 j:2
2020-04-23 16:30:16 com.qingxiao.utils.ExcelHandler [ main:24 ] - [ INFO ]  当前执行循环：i:4 j:3
2020-04-23 16:30:16 com.qingxiao.utils.ExcelHandler [ main:25 ] - [ INFO ]  当前执行循环：i:4 j:4
2020-04-23 16:30:16 com.qingxiao.utils.ExcelHandler [ main:25 ] - [ INFO ]  当前执行循环：i:4 j:5
2020-04-23 16:30:16 com.qingxiao.utils.ExcelHandler [ main:25 ] - [ INFO ]  当前执行循环：i:4 j:6
2020-04-23 16:30:16 com.qingxiao.utils.ExcelHandler [ main:26 ] - [ INFO ]  当前执行循环：i:4 j:7
2020-04-23 16:30:16 com.qingxiao.utils.ExcelHandler [ main:26 ] - [ INFO ]  当前执行循环：i:4 j:8
2020-04-23 16:30:16 com.qingxiao.utils.ExcelHandler [ main:26 ] - [ INFO ]  当前执行循环：i:5 j:0
2020-04-23 16:30:16 com.qingxiao.utils.ExcelHandler [ main:26 ] - [ INFO ]  当前执行循环：i:5 j:1
2020-04-23 16:30:16 com.qingxiao.utils.ExcelHandler [ main:27 ] - [ INFO ]  当前执行循环：i:5 j:2
2020-04-23 16:30:16 com.qingxiao.utils.ExcelHandler [ main:27 ] - [ INFO ]  当前执行循环：i:5 j:3
2020-04-23 16:30:16 com.qingxiao.utils.ExcelHandler [ main:27 ] - [ INFO ]  当前执行循环：i:5 j:4
2020-04-23 16:30:16 com.qingxiao.utils.ExcelHandler [ main:27 ] - [ INFO ]  当前执行循环：i:5 j:5
2020-04-23 16:30:16 com.qingxiao.utils.ExcelHandler [ main:28 ] - [ INFO ]  当前执行循环：i:5 j:6
2020-04-23 16:30:16 com.qingxiao.utils.ExcelHandler [ main:28 ] - [ INFO ]  当前执行循环：i:5 j:7
2020-04-23 16:30:16 com.qingxiao.utils.ExcelHandler [ main:28 ] - [ INFO ]  当前执行循环：i:5 j:8
2020-04-23 16:30:16 com.qingxiao.utils.ExcelHandler [ main:29 ] - [ INFO ]  当前执行循环：i:6 j:0
2020-04-23 16:30:16 com.qingxiao.utils.ExcelHandler [ main:29 ] - [ INFO ]  当前执行循环：i:6 j:1
2020-04-23 16:30:16 com.qingxiao.utils.ExcelHandler [ main:29 ] - [ INFO ]  当前执行循环：i:6 j:2
2020-04-23 16:30:16 com.qingxiao.utils.ExcelHandler [ main:29 ] - [ INFO ]  当前执行循环：i:6 j:3
2020-04-23 16:30:16 com.qingxiao.utils.ExcelHandler [ main:30 ] - [ INFO ]  当前执行循环：i:6 j:4
2020-04-23 16:30:16 com.qingxiao.utils.ExcelHandler [ main:30 ] - [ INFO ]  当前执行循环：i:6 j:5
2020-04-23 16:30:16 com.qingxiao.utils.ExcelHandler [ main:30 ] - [ INFO ]  当前执行循环：i:6 j:6
2020-04-23 16:30:16 com.qingxiao.utils.ExcelHandler [ main:30 ] - [ INFO ]  当前执行循环：i:6 j:7
2020-04-23 16:30:16 com.qingxiao.utils.ExcelHandler [ main:31 ] - [ INFO ]  当前执行循环：i:6 j:8
2020-04-23 16:30:16 com.qingxiao.utils.ExcelHandler [ main:31 ] - [ INFO ]  当前执行循环：i:7 j:0
2020-04-23 16:30:16 com.qingxiao.utils.ExcelHandler [ main:31 ] - [ INFO ]  当前执行循环：i:7 j:1
2020-04-23 16:30:16 com.qingxiao.utils.ExcelHandler [ main:31 ] - [ INFO ]  当前执行循环：i:7 j:2
2020-04-23 16:30:16 com.qingxiao.utils.ExcelHandler [ main:32 ] - [ INFO ]  当前执行循环：i:7 j:3
2020-04-23 16:30:16 com.qingxiao.utils.ExcelHandler [ main:32 ] - [ INFO ]  当前执行循环：i:7 j:4
2020-04-23 16:30:16 com.qingxiao.utils.ExcelHandler [ main:32 ] - [ INFO ]  当前执行循环：i:7 j:5
2020-04-23 16:30:16 com.qingxiao.utils.ExcelHandler [ main:33 ] - [ INFO ]  当前执行循环：i:7 j:6
2020-04-23 16:30:16 com.qingxiao.utils.ExcelHandler [ main:33 ] - [ INFO ]  当前执行循环：i:7 j:7
2020-04-23 16:30:16 com.qingxiao.utils.ExcelHandler [ main:33 ] - [ INFO ]  当前执行循环：i:7 j:8
2020-04-23 16:33:05 com.qingxiao.utils.ExcelHandler [ main:0 ] - [ INFO ]  0
8
2020-04-23 16:33:05 com.qingxiao.utils.ExcelHandler [ main:25 ] - [ INFO ]  当前执行循环：i:0 j:0
2020-04-23 16:33:05 com.qingxiao.utils.ExcelHandler [ main:28 ] - [ INFO ]  当前执行循环：i:0 j:1
2020-04-23 16:33:05 com.qingxiao.utils.ExcelHandler [ main:29 ] - [ INFO ]  当前执行循环：i:0 j:2
2020-04-23 16:33:05 com.qingxiao.utils.ExcelHandler [ main:29 ] - [ INFO ]  当前执行循环：i:0 j:3
2020-04-23 16:33:05 com.qingxiao.utils.ExcelHandler [ main:30 ] - [ INFO ]  当前执行循环：i:0 j:4
2020-04-23 16:33:05 com.qingxiao.utils.ExcelHandler [ main:34 ] - [ INFO ]  当前执行循环：i:0 j:5
2020-04-23 16:33:05 com.qingxiao.utils.ExcelHandler [ main:34 ] - [ INFO ]  当前执行循环：i:0 j:6
2020-04-23 16:33:05 com.qingxiao.utils.ExcelHandler [ main:37 ] - [ INFO ]  当前执行循环：i:0 j:7
2020-04-23 16:33:05 com.qingxiao.utils.ExcelHandler [ main:42 ] - [ INFO ]  当前执行循环：i:0 j:8
2020-04-23 16:33:05 com.qingxiao.utils.ExcelHandler [ main:42 ] - [ INFO ]  当前执行循环：i:1 j:0
2020-04-23 16:33:05 com.qingxiao.utils.ExcelHandler [ main:43 ] - [ INFO ]  当前执行循环：i:1 j:1
2020-04-23 16:33:05 com.qingxiao.utils.ExcelHandler [ main:43 ] - [ INFO ]  当前执行循环：i:1 j:2
2020-04-23 16:33:05 com.qingxiao.utils.ExcelHandler [ main:43 ] - [ INFO ]  当前执行循环：i:1 j:3
2020-04-23 16:33:05 com.qingxiao.utils.ExcelHandler [ main:44 ] - [ INFO ]  当前执行循环：i:1 j:4
2020-04-23 16:33:05 com.qingxiao.utils.ExcelHandler [ main:45 ] - [ INFO ]  当前执行循环：i:1 j:5
2020-04-23 16:33:05 com.qingxiao.utils.ExcelHandler [ main:47 ] - [ INFO ]  当前执行循环：i:1 j:6
2020-04-23 16:33:05 com.qingxiao.utils.ExcelHandler [ main:47 ] - [ INFO ]  当前执行循环：i:1 j:7
2020-04-23 16:33:05 com.qingxiao.utils.ExcelHandler [ main:47 ] - [ INFO ]  当前执行循环：i:1 j:8
2020-04-23 16:33:05 com.qingxiao.utils.ExcelHandler [ main:48 ] - [ INFO ]  当前执行循环：i:2 j:0
2020-04-23 16:33:05 com.qingxiao.utils.ExcelHandler [ main:48 ] - [ INFO ]  当前执行循环：i:2 j:1
2020-04-23 16:33:05 com.qingxiao.utils.ExcelHandler [ main:48 ] - [ INFO ]  当前执行循环：i:2 j:2
2020-04-23 16:33:05 com.qingxiao.utils.ExcelHandler [ main:49 ] - [ INFO ]  当前执行循环：i:2 j:3
2020-04-23 16:33:05 com.qingxiao.utils.ExcelHandler [ main:49 ] - [ INFO ]  当前执行循环：i:2 j:4
2020-04-23 16:33:05 com.qingxiao.utils.ExcelHandler [ main:49 ] - [ INFO ]  当前执行循环：i:2 j:5
2020-04-23 16:33:05 com.qingxiao.utils.ExcelHandler [ main:50 ] - [ INFO ]  当前执行循环：i:2 j:6
2020-04-23 16:33:05 com.qingxiao.utils.ExcelHandler [ main:50 ] - [ INFO ]  当前执行循环：i:2 j:7
2020-04-23 16:33:05 com.qingxiao.utils.ExcelHandler [ main:50 ] - [ INFO ]  当前执行循环：i:2 j:8
2020-04-23 16:33:05 com.qingxiao.utils.ExcelHandler [ main:51 ] - [ INFO ]  当前执行循环：i:3 j:0
2020-04-23 16:33:05 com.qingxiao.utils.ExcelHandler [ main:51 ] - [ INFO ]  当前执行循环：i:3 j:1
2020-04-23 16:33:05 com.qingxiao.utils.ExcelHandler [ main:51 ] - [ INFO ]  当前执行循环：i:3 j:2
2020-04-23 16:33:05 com.qingxiao.utils.ExcelHandler [ main:52 ] - [ INFO ]  当前执行循环：i:3 j:3
2020-04-23 16:33:05 com.qingxiao.utils.ExcelHandler [ main:52 ] - [ INFO ]  当前执行循环：i:3 j:4
2020-04-23 16:33:05 com.qingxiao.utils.ExcelHandler [ main:52 ] - [ INFO ]  当前执行循环：i:3 j:5
2020-04-23 16:33:05 com.qingxiao.utils.ExcelHandler [ main:53 ] - [ INFO ]  当前执行循环：i:3 j:6
2020-04-23 16:33:05 com.qingxiao.utils.ExcelHandler [ main:53 ] - [ INFO ]  当前执行循环：i:3 j:7
2020-04-23 16:33:05 com.qingxiao.utils.ExcelHandler [ main:54 ] - [ INFO ]  当前执行循环：i:3 j:8
2020-04-23 16:33:05 com.qingxiao.utils.ExcelHandler [ main:54 ] - [ INFO ]  当前执行循环：i:4 j:0
2020-04-23 16:33:05 com.qingxiao.utils.ExcelHandler [ main:54 ] - [ INFO ]  当前执行循环：i:4 j:1
2020-04-23 16:33:05 com.qingxiao.utils.ExcelHandler [ main:55 ] - [ INFO ]  当前执行循环：i:4 j:2
2020-04-23 16:33:05 com.qingxiao.utils.ExcelHandler [ main:55 ] - [ INFO ]  当前执行循环：i:4 j:3
2020-04-23 16:33:05 com.qingxiao.utils.ExcelHandler [ main:55 ] - [ INFO ]  当前执行循环：i:4 j:4
2020-04-23 16:33:05 com.qingxiao.utils.ExcelHandler [ main:55 ] - [ INFO ]  当前执行循环：i:4 j:5
2020-04-23 16:33:05 com.qingxiao.utils.ExcelHandler [ main:56 ] - [ INFO ]  当前执行循环：i:4 j:6
2020-04-23 16:33:05 com.qingxiao.utils.ExcelHandler [ main:56 ] - [ INFO ]  当前执行循环：i:4 j:7
2020-04-23 16:33:05 com.qingxiao.utils.ExcelHandler [ main:57 ] - [ INFO ]  当前执行循环：i:4 j:8
2020-04-23 16:33:05 com.qingxiao.utils.ExcelHandler [ main:57 ] - [ INFO ]  当前执行循环：i:5 j:0
2020-04-23 16:33:05 com.qingxiao.utils.ExcelHandler [ main:57 ] - [ INFO ]  当前执行循环：i:5 j:1
2020-04-23 16:33:05 com.qingxiao.utils.ExcelHandler [ main:58 ] - [ INFO ]  当前执行循环：i:5 j:2
2020-04-23 16:33:05 com.qingxiao.utils.ExcelHandler [ main:58 ] - [ INFO ]  当前执行循环：i:5 j:3
2020-04-23 16:33:05 com.qingxiao.utils.ExcelHandler [ main:58 ] - [ INFO ]  当前执行循环：i:5 j:4
2020-04-23 16:33:05 com.qingxiao.utils.ExcelHandler [ main:59 ] - [ INFO ]  当前执行循环：i:5 j:5
2020-04-23 16:33:05 com.qingxiao.utils.ExcelHandler [ main:62 ] - [ INFO ]  当前执行循环：i:5 j:6
2020-04-23 16:33:05 com.qingxiao.utils.ExcelHandler [ main:62 ] - [ INFO ]  当前执行循环：i:5 j:7
2020-04-23 16:33:05 com.qingxiao.utils.ExcelHandler [ main:62 ] - [ INFO ]  当前执行循环：i:5 j:8
2020-04-23 16:33:05 com.qingxiao.utils.ExcelHandler [ main:63 ] - [ INFO ]  当前执行循环：i:6 j:0
2020-04-23 16:33:05 com.qingxiao.utils.ExcelHandler [ main:63 ] - [ INFO ]  当前执行循环：i:6 j:1
2020-04-23 16:33:05 com.qingxiao.utils.ExcelHandler [ main:64 ] - [ INFO ]  当前执行循环：i:6 j:2
2020-04-23 16:33:05 com.qingxiao.utils.ExcelHandler [ main:64 ] - [ INFO ]  当前执行循环：i:6 j:3
2020-04-23 16:33:05 com.qingxiao.utils.ExcelHandler [ main:64 ] - [ INFO ]  当前执行循环：i:6 j:4
2020-04-23 16:33:05 com.qingxiao.utils.ExcelHandler [ main:64 ] - [ INFO ]  当前执行循环：i:6 j:5
2020-04-23 16:33:05 com.qingxiao.utils.ExcelHandler [ main:65 ] - [ INFO ]  当前执行循环：i:6 j:6
2020-04-23 16:33:05 com.qingxiao.utils.ExcelHandler [ main:65 ] - [ INFO ]  当前执行循环：i:6 j:7
2020-04-23 16:33:05 com.qingxiao.utils.ExcelHandler [ main:66 ] - [ INFO ]  当前执行循环：i:6 j:8
2020-04-23 16:33:05 com.qingxiao.utils.ExcelHandler [ main:66 ] - [ INFO ]  当前执行循环：i:7 j:0
2020-04-23 16:33:05 com.qingxiao.utils.ExcelHandler [ main:66 ] - [ INFO ]  当前执行循环：i:7 j:1
2020-04-23 16:33:05 com.qingxiao.utils.ExcelHandler [ main:67 ] - [ INFO ]  当前执行循环：i:7 j:2
2020-04-23 16:33:05 com.qingxiao.utils.ExcelHandler [ main:67 ] - [ INFO ]  当前执行循环：i:7 j:3
2020-04-23 16:33:05 com.qingxiao.utils.ExcelHandler [ main:67 ] - [ INFO ]  当前执行循环：i:7 j:4
2020-04-23 16:33:05 com.qingxiao.utils.ExcelHandler [ main:68 ] - [ INFO ]  当前执行循环：i:7 j:5
2020-04-23 16:33:05 com.qingxiao.utils.ExcelHandler [ main:68 ] - [ INFO ]  当前执行循环：i:7 j:6
2020-04-23 16:33:05 com.qingxiao.utils.ExcelHandler [ main:68 ] - [ INFO ]  当前执行循环：i:7 j:7
2020-04-23 16:33:05 com.qingxiao.utils.ExcelHandler [ main:68 ] - [ INFO ]  当前执行循环：i:7 j:8
2020-04-23 16:33:05 com.qingxiao.utils.ExcelHandler [ main:71 ] - [ INFO ]  改变了相应的cell内容：80
2020-04-23 16:33:05 com.qingxiao.utils.ExcelHandler [ main:71 ] - [ INFO ]  当前执行循环：i:8 j:0
2020-04-23 16:33:05 com.qingxiao.utils.ExcelHandler [ main:71 ] - [ INFO ]  改变了相应的cell内容：81
2020-04-23 16:33:05 com.qingxiao.utils.ExcelHandler [ main:72 ] - [ INFO ]  当前执行循环：i:8 j:1
2020-04-23 16:33:05 com.qingxiao.utils.ExcelHandler [ main:72 ] - [ INFO ]  改变了相应的cell内容：82
2020-04-23 16:33:05 com.qingxiao.utils.ExcelHandler [ main:73 ] - [ INFO ]  当前执行循环：i:8 j:2
2020-04-23 16:33:05 com.qingxiao.utils.ExcelHandler [ main:74 ] - [ INFO ]  改变了相应的cell内容：83
2020-04-23 16:33:05 com.qingxiao.utils.ExcelHandler [ main:74 ] - [ INFO ]  当前执行循环：i:8 j:3
2020-04-23 16:33:05 com.qingxiao.utils.ExcelHandler [ main:74 ] - [ INFO ]  改变了相应的cell内容：84
2020-04-23 16:33:05 com.qingxiao.utils.ExcelHandler [ main:74 ] - [ INFO ]  当前执行循环：i:8 j:4
2020-04-23 16:33:05 com.qingxiao.utils.ExcelHandler [ main:75 ] - [ INFO ]  改变了相应的cell内容：85
2020-04-23 16:33:05 com.qingxiao.utils.ExcelHandler [ main:75 ] - [ INFO ]  当前执行循环：i:8 j:5
2020-04-23 16:33:05 com.qingxiao.utils.ExcelHandler [ main:76 ] - [ INFO ]  改变了相应的cell内容：86
2020-04-23 16:33:05 com.qingxiao.utils.ExcelHandler [ main:76 ] - [ INFO ]  当前执行循环：i:8 j:6
2020-04-23 16:33:05 com.qingxiao.utils.ExcelHandler [ main:77 ] - [ INFO ]  改变了相应的cell内容：87
2020-04-23 16:33:05 com.qingxiao.utils.ExcelHandler [ main:77 ] - [ INFO ]  当前执行循环：i:8 j:7
2020-04-23 16:33:05 com.qingxiao.utils.ExcelHandler [ main:77 ] - [ INFO ]  改变了相应的cell内容：88
2020-04-23 16:33:05 com.qingxiao.utils.ExcelHandler [ main:78 ] - [ INFO ]  当前执行循环：i:8 j:8
